[0.011s] Invoking command in '/home/dvij/multi-car-racing/ros2_ws/build/my_robot_description': CMAKE_PREFIX_PATH=/opt/ros/humble:${CMAKE_PREFIX_PATH} /usr/bin/cmake --build /home/dvij/multi-car-racing/ros2_ws/build/my_robot_description -- -j48 -l48
[0.048s] Invoked command in '/home/dvij/multi-car-racing/ros2_ws/build/my_robot_description' returned '0': CMAKE_PREFIX_PATH=/opt/ros/humble:${CMAKE_PREFIX_PATH} /usr/bin/cmake --build /home/dvij/multi-car-racing/ros2_ws/build/my_robot_description -- -j48 -l48
[0.085s] Invoking command in '/home/dvij/multi-car-racing/ros2_ws/build/my_robot_description': CMAKE_PREFIX_PATH=/opt/ros/humble:${CMAKE_PREFIX_PATH} /usr/bin/cmake --install /home/dvij/multi-car-racing/ros2_ws/build/my_robot_description
[0.093s] -- Install configuration: ""
[0.094s] -- Up-to-date: /home/dvij/multi-car-racing/ros2_ws/install/my_robot_description/share/my_robot_description/urdf
[0.094s] -- Up-to-date: /home/dvij/multi-car-racing/ros2_ws/install/my_robot_description/share/my_robot_description/urdf/car1.urdf
[0.095s] -- Up-to-date: /home/dvij/multi-car-racing/ros2_ws/install/my_robot_description/share/my_robot_description/urdf/car.urdf
[0.095s] -- Installing: /home/dvij/multi-car-racing/ros2_ws/install/my_robot_description/share/my_robot_description/urdf/car2.urdf
[0.095s] -- Up-to-date: /home/dvij/multi-car-racing/ros2_ws/install/my_robot_description/share/my_robot_description/meshes
[0.095s] -- Up-to-date: /home/dvij/multi-car-racing/ros2_ws/install/my_robot_description/share/my_robot_description/meshes/il15_tyre_rl.stl
[0.095s] -- Up-to-date: /home/dvij/multi-car-racing/ros2_ws/install/my_robot_description/share/my_robot_description/meshes/il15_tyre_rr.stl
[0.095s] -- Up-to-date: /home/dvij/multi-car-racing/ros2_ws/install/my_robot_description/share/my_robot_description/meshes/il15_tyre_fl.stl
[0.096s] -- Up-to-date: /home/dvij/multi-car-racing/ros2_ws/install/my_robot_description/share/my_robot_description/meshes/il15_tyre_fr.stl
[0.096s] -- Up-to-date: /home/dvij/multi-car-racing/ros2_ws/install/my_robot_description/share/my_robot_description/meshes/il15_body.stl
[0.096s] -- Up-to-date: /home/dvij/multi-car-racing/ros2_ws/install/my_robot_description/share/my_robot_description/launch
[0.096s] -- Up-to-date: /home/dvij/multi-car-racing/ros2_ws/install/my_robot_description/share/my_robot_description/launch/display.launch.py
[0.096s] -- Installing: /home/dvij/multi-car-racing/ros2_ws/install/my_robot_description/share/my_robot_description/launch/display2.launch.py
[0.096s] -- Up-to-date: /home/dvij/multi-car-racing/ros2_ws/install/my_robot_description/share/my_robot_description/launch/display1.launch.py
[0.097s] -- Up-to-date: /home/dvij/multi-car-racing/ros2_ws/install/my_robot_description/share/ament_index/resource_index/package_run_dependencies/my_robot_description
[0.097s] -- Up-to-date: /home/dvij/multi-car-racing/ros2_ws/install/my_robot_description/share/ament_index/resource_index/parent_prefix_path/my_robot_description
[0.098s] -- Up-to-date: /home/dvij/multi-car-racing/ros2_ws/install/my_robot_description/share/my_robot_description/environment/ament_prefix_path.sh
[0.098s] -- Up-to-date: /home/dvij/multi-car-racing/ros2_ws/install/my_robot_description/share/my_robot_description/environment/ament_prefix_path.dsv
[0.098s] -- Up-to-date: /home/dvij/multi-car-racing/ros2_ws/install/my_robot_description/share/my_robot_description/environment/path.sh
[0.098s] -- Up-to-date: /home/dvij/multi-car-racing/ros2_ws/install/my_robot_description/share/my_robot_description/environment/path.dsv
[0.098s] -- Up-to-date: /home/dvij/multi-car-racing/ros2_ws/install/my_robot_description/share/my_robot_description/local_setup.bash
[0.098s] -- Up-to-date: /home/dvij/multi-car-racing/ros2_ws/install/my_robot_description/share/my_robot_description/local_setup.sh
[0.098s] -- Up-to-date: /home/dvij/multi-car-racing/ros2_ws/install/my_robot_description/share/my_robot_description/local_setup.zsh
[0.098s] -- Up-to-date: /home/dvij/multi-car-racing/ros2_ws/install/my_robot_description/share/my_robot_description/local_setup.dsv
[0.099s] -- Installing: /home/dvij/multi-car-racing/ros2_ws/install/my_robot_description/share/my_robot_description/package.dsv
[0.100s] -- Up-to-date: /home/dvij/multi-car-racing/ros2_ws/install/my_robot_description/share/ament_index/resource_index/packages/my_robot_description
[0.100s] -- Up-to-date: /home/dvij/multi-car-racing/ros2_ws/install/my_robot_description/share/my_robot_description/cmake/my_robot_descriptionConfig.cmake
[0.100s] -- Up-to-date: /home/dvij/multi-car-racing/ros2_ws/install/my_robot_description/share/my_robot_description/cmake/my_robot_descriptionConfig-version.cmake
[0.100s] -- Up-to-date: /home/dvij/multi-car-racing/ros2_ws/install/my_robot_description/share/my_robot_description/package.xml
[0.101s] Invoked command in '/home/dvij/multi-car-racing/ros2_ws/build/my_robot_description' returned '0': CMAKE_PREFIX_PATH=/opt/ros/humble:${CMAKE_PREFIX_PATH} /usr/bin/cmake --install /home/dvij/multi-car-racing/ros2_ws/build/my_robot_description
