[0.010s] Invoking command in '/home/dvij/multi-car-racing/ros2_ws/build/my_robot_description': /usr/bin/cmake /home/dvij/multi-car-racing/ros2_ws/src/my_robot_description -DCATKIN_INSTALL_INTO_PREFIX_ROOT=0 -DCMAKE_INSTALL_PREFIX=/home/dvij/multi-car-racing/ros2_ws/install/my_robot_description
[0.081s] -- The C compiler identification is GNU 11.4.0
[0.158s] -- The CXX compiler identification is GNU 11.4.0
[0.167s] -- Detecting C compiler ABI info
[0.244s] -- Detecting C compiler ABI info - done
[0.258s] -- Check for working C compiler: /usr/bin/cc - skipped
[0.259s] -- Detecting C compile features
[0.259s] -- Detecting C compile features - done
[0.265s] -- Detecting CXX compiler ABI info
[0.365s] -- Detecting CXX compiler ABI info - done
[0.373s] -- Check for working CXX compiler: /usr/bin/c++ - skipped
[0.374s] -- Detecting CXX compile features
[0.374s] -- Detecting CXX compile features - done
[0.376s] -- Found ament_cmake: 1.3.10 (/opt/ros/humble/share/ament_cmake/cmake)
[0.577s] -- Found Python3: /usr/bin/python3 (found version "3.10.12") found components: Interpreter 
[0.760s] -- Configuring done
[0.763s] -- Generating done
[0.764s] [33mCMake Warning:
[0.764s]   Manually-specified variables were not used by the project:
[0.764s] 
[0.764s]     CATKIN_INSTALL_INTO_PREFIX_ROOT
[0.764s] 
[0.764s] [0m
[0.764s] -- Build files have been written to: /home/dvij/multi-car-racing/ros2_ws/build/my_robot_description
[0.770s] Invoked command in '/home/dvij/multi-car-racing/ros2_ws/build/my_robot_description' returned '0': /usr/bin/cmake /home/dvij/multi-car-racing/ros2_ws/src/my_robot_description -DCATKIN_INSTALL_INTO_PREFIX_ROOT=0 -DCMAKE_INSTALL_PREFIX=/home/dvij/multi-car-racing/ros2_ws/install/my_robot_description
[0.772s] Invoking command in '/home/dvij/multi-car-racing/ros2_ws/build/my_robot_description': /usr/bin/cmake --build /home/dvij/multi-car-racing/ros2_ws/build/my_robot_description -- -j48 -l48
[0.810s] Invoked command in '/home/dvij/multi-car-racing/ros2_ws/build/my_robot_description' returned '0': /usr/bin/cmake --build /home/dvij/multi-car-racing/ros2_ws/build/my_robot_description -- -j48 -l48
[0.848s] Invoking command in '/home/dvij/multi-car-racing/ros2_ws/build/my_robot_description': /usr/bin/cmake --install /home/dvij/multi-car-racing/ros2_ws/build/my_robot_description
[0.857s] -- Install configuration: ""
[0.857s] -- Installing: /home/dvij/multi-car-racing/ros2_ws/install/my_robot_description/share/my_robot_description/urdf
[0.857s] -- Installing: /home/dvij/multi-car-racing/ros2_ws/install/my_robot_description/share/my_robot_description/urdf/car.urdf
[0.858s] -- Installing: /home/dvij/multi-car-racing/ros2_ws/install/my_robot_description/share/my_robot_description/meshes
[0.858s] -- Installing: /home/dvij/multi-car-racing/ros2_ws/install/my_robot_description/share/my_robot_description/meshes/il15_tyre_rl.stl
[0.859s] -- Installing: /home/dvij/multi-car-racing/ros2_ws/install/my_robot_description/share/my_robot_description/meshes/il15_tyre_rr.stl
[0.860s] -- Installing: /home/dvij/multi-car-racing/ros2_ws/install/my_robot_description/share/my_robot_description/meshes/il15_tyre_fl.stl
[0.860s] -- Installing: /home/dvij/multi-car-racing/ros2_ws/install/my_robot_description/share/my_robot_description/meshes/il15_tyre_fr.stl
[0.861s] -- Installing: /home/dvij/multi-car-racing/ros2_ws/install/my_robot_description/share/my_robot_description/meshes/il15_body.stl
[0.865s] -- Installing: /home/dvij/multi-car-racing/ros2_ws/install/my_robot_description/share/my_robot_description/launch
[0.865s] -- Installing: /home/dvij/multi-car-racing/ros2_ws/install/my_robot_description/share/my_robot_description/launch/display.launch.py
[0.866s] -- Installing: /home/dvij/multi-car-racing/ros2_ws/install/my_robot_description/share/ament_index/resource_index/package_run_dependencies/my_robot_description
[0.866s] -- Installing: /home/dvij/multi-car-racing/ros2_ws/install/my_robot_description/share/ament_index/resource_index/parent_prefix_path/my_robot_description
[0.866s] -- Installing: /home/dvij/multi-car-racing/ros2_ws/install/my_robot_description/share/my_robot_description/environment/ament_prefix_path.sh
[0.866s] -- Installing: /home/dvij/multi-car-racing/ros2_ws/install/my_robot_description/share/my_robot_description/environment/ament_prefix_path.dsv
[0.867s] -- Installing: /home/dvij/multi-car-racing/ros2_ws/install/my_robot_description/share/my_robot_description/environment/path.sh
[0.867s] -- Installing: /home/dvij/multi-car-racing/ros2_ws/install/my_robot_description/share/my_robot_description/environment/path.dsv
[0.867s] -- Installing: /home/dvij/multi-car-racing/ros2_ws/install/my_robot_description/share/my_robot_description/local_setup.bash
[0.867s] -- Installing: /home/dvij/multi-car-racing/ros2_ws/install/my_robot_description/share/my_robot_description/local_setup.sh
[0.867s] -- Installing: /home/dvij/multi-car-racing/ros2_ws/install/my_robot_description/share/my_robot_description/local_setup.zsh
[0.867s] -- Installing: /home/dvij/multi-car-racing/ros2_ws/install/my_robot_description/share/my_robot_description/local_setup.dsv
[0.868s] -- Installing: /home/dvij/multi-car-racing/ros2_ws/install/my_robot_description/share/my_robot_description/package.dsv
[0.868s] -- Installing: /home/dvij/multi-car-racing/ros2_ws/install/my_robot_description/share/ament_index/resource_index/packages/my_robot_description
[0.868s] -- Installing: /home/dvij/multi-car-racing/ros2_ws/install/my_robot_description/share/my_robot_description/cmake/my_robot_descriptionConfig.cmake
[0.868s] -- Installing: /home/dvij/multi-car-racing/ros2_ws/install/my_robot_description/share/my_robot_description/cmake/my_robot_descriptionConfig-version.cmake
[0.868s] -- Installing: /home/dvij/multi-car-racing/ros2_ws/install/my_robot_description/share/my_robot_description/package.xml
[0.871s] Invoked command in '/home/dvij/multi-car-racing/ros2_ws/build/my_robot_description' returned '0': /usr/bin/cmake --install /home/dvij/multi-car-racing/ros2_ws/build/my_robot_description
