[0.012s] Invoking command in '/home/dvij/multi-car-racing/ros2_ws/build/my_robot_description': /usr/bin/cmake --build /home/dvij/multi-car-racing/ros2_ws/build/my_robot_description -- -j48 -l48
[0.049s] Invoked command in '/home/dvij/multi-car-racing/ros2_ws/build/my_robot_description' returned '0': /usr/bin/cmake --build /home/dvij/multi-car-racing/ros2_ws/build/my_robot_description -- -j48 -l48
[0.110s] Invoking command in '/home/dvij/multi-car-racing/ros2_ws/build/my_robot_description': /usr/bin/cmake --install /home/dvij/multi-car-racing/ros2_ws/build/my_robot_description
[0.119s] -- Install configuration: ""
[0.119s] -- Up-to-date: /home/dvij/multi-car-racing/ros2_ws/install/my_robot_description/share/my_robot_description/urdf
[0.120s] -- Up-to-date: /home/dvij/multi-car-racing/ros2_ws/install/my_robot_description/share/my_robot_description/urdf/car.urdf
[0.120s] -- Up-to-date: /home/dvij/multi-car-racing/ros2_ws/install/my_robot_description/share/my_robot_description/meshes
[0.120s] -- Up-to-date: /home/dvij/multi-car-racing/ros2_ws/install/my_robot_description/share/my_robot_description/meshes/il15_tyre_rl.stl
[0.120s] -- Up-to-date: /home/dvij/multi-car-racing/ros2_ws/install/my_robot_description/share/my_robot_description/meshes/il15_tyre_rr.stl
[0.120s] -- Up-to-date: /home/dvij/multi-car-racing/ros2_ws/install/my_robot_description/share/my_robot_description/meshes/il15_tyre_fl.stl
[0.121s] -- Up-to-date: /home/dvij/multi-car-racing/ros2_ws/install/my_robot_description/share/my_robot_description/meshes/il15_tyre_fr.stl
[0.121s] -- Up-to-date: /home/dvij/multi-car-racing/ros2_ws/install/my_robot_description/share/my_robot_description/meshes/il15_body.stl
[0.121s] -- Up-to-date: /home/dvij/multi-car-racing/ros2_ws/install/my_robot_description/share/my_robot_description/launch
[0.121s] -- Up-to-date: /home/dvij/multi-car-racing/ros2_ws/install/my_robot_description/share/my_robot_description/launch/display.launch.py
[0.121s] -- Up-to-date: /home/dvij/multi-car-racing/ros2_ws/install/my_robot_description/share/ament_index/resource_index/package_run_dependencies/my_robot_description
[0.121s] -- Up-to-date: /home/dvij/multi-car-racing/ros2_ws/install/my_robot_description/share/ament_index/resource_index/parent_prefix_path/my_robot_description
[0.121s] -- Up-to-date: /home/dvij/multi-car-racing/ros2_ws/install/my_robot_description/share/my_robot_description/environment/ament_prefix_path.sh
[0.121s] -- Up-to-date: /home/dvij/multi-car-racing/ros2_ws/install/my_robot_description/share/my_robot_description/environment/ament_prefix_path.dsv
[0.121s] -- Up-to-date: /home/dvij/multi-car-racing/ros2_ws/install/my_robot_description/share/my_robot_description/environment/path.sh
[0.122s] -- Up-to-date: /home/dvij/multi-car-racing/ros2_ws/install/my_robot_description/share/my_robot_description/environment/path.dsv
[0.122s] -- Up-to-date: /home/dvij/multi-car-racing/ros2_ws/install/my_robot_description/share/my_robot_description/local_setup.bash
[0.122s] -- Up-to-date: /home/dvij/multi-car-racing/ros2_ws/install/my_robot_description/share/my_robot_description/local_setup.sh
[0.122s] -- Up-to-date: /home/dvij/multi-car-racing/ros2_ws/install/my_robot_description/share/my_robot_description/local_setup.zsh
[0.122s] -- Up-to-date: /home/dvij/multi-car-racing/ros2_ws/install/my_robot_description/share/my_robot_description/local_setup.dsv
[0.122s] -- Up-to-date: /home/dvij/multi-car-racing/ros2_ws/install/my_robot_description/share/my_robot_description/package.dsv
[0.122s] -- Up-to-date: /home/dvij/multi-car-racing/ros2_ws/install/my_robot_description/share/ament_index/resource_index/packages/my_robot_description
[0.122s] -- Up-to-date: /home/dvij/multi-car-racing/ros2_ws/install/my_robot_description/share/my_robot_description/cmake/my_robot_descriptionConfig.cmake
[0.123s] -- Up-to-date: /home/dvij/multi-car-racing/ros2_ws/install/my_robot_description/share/my_robot_description/cmake/my_robot_descriptionConfig-version.cmake
[0.123s] -- Up-to-date: /home/dvij/multi-car-racing/ros2_ws/install/my_robot_description/share/my_robot_description/package.xml
[0.124s] Invoked command in '/home/dvij/multi-car-racing/ros2_ws/build/my_robot_description' returned '0': /usr/bin/cmake --install /home/dvij/multi-car-racing/ros2_ws/build/my_robot_description
