[0.014s] Invoking command in '/home/dvij/multi-car-racing/ros2_ws/build/my_custom_msgs': CMAKE_PREFIX_PATH=/opt/ros/humble:${CMAKE_PREFIX_PATH} /usr/bin/cmake --build /home/dvij/multi-car-racing/ros2_ws/build/my_custom_msgs -- -j48 -l48
[0.069s] [  3%] Built target my_custom_msgs__cpp
[0.074s] [ 12%] Built target my_custom_msgs__rosidl_generator_c
[0.089s] [ 12%] Built target ament_cmake_python_copy_my_custom_msgs
[0.093s] [ 22%] Built target my_custom_msgs__rosidl_typesupport_cpp
[0.096s] [ 32%] Built target my_custom_msgs__rosidl_typesupport_introspection_cpp
[0.096s] [ 41%] Built target my_custom_msgs__rosidl_typesupport_fastrtps_cpp
[0.103s] [ 51%] Built target my_custom_msgs__rosidl_typesupport_c
[0.104s] [ 61%] Built target my_custom_msgs__rosidl_typesupport_introspection_c
[0.105s] [ 70%] Built target my_custom_msgs__rosidl_typesupport_fastrtps_c
[0.130s] [ 70%] Built target my_custom_msgs
[0.156s] [ 74%] Built target my_custom_msgs__py
[0.179s] [ 80%] Built target my_custom_msgs__rosidl_generator_py
[0.201s] [ 87%] Built target my_custom_msgs__rosidl_typesupport_fastrtps_c__pyext
[0.202s] [ 93%] Built target my_custom_msgs__rosidl_typesupport_introspection_c__pyext
[0.208s] [100%] Built target my_custom_msgs__rosidl_typesupport_c__pyext
[0.357s] running egg_info
[0.357s] writing my_custom_msgs.egg-info/PKG-INFO
[0.357s] writing dependency_links to my_custom_msgs.egg-info/dependency_links.txt
[0.357s] writing top-level names to my_custom_msgs.egg-info/top_level.txt
[0.359s] reading manifest file 'my_custom_msgs.egg-info/SOURCES.txt'
[0.360s] writing manifest file 'my_custom_msgs.egg-info/SOURCES.txt'
[0.391s] [100%] Built target ament_cmake_python_build_my_custom_msgs_egg
[0.405s] Invoked command in '/home/dvij/multi-car-racing/ros2_ws/build/my_custom_msgs' returned '0': CMAKE_PREFIX_PATH=/opt/ros/humble:${CMAKE_PREFIX_PATH} /usr/bin/cmake --build /home/dvij/multi-car-racing/ros2_ws/build/my_custom_msgs -- -j48 -l48
[0.466s] Invoking command in '/home/dvij/multi-car-racing/ros2_ws/build/my_custom_msgs': CMAKE_PREFIX_PATH=/opt/ros/humble:${CMAKE_PREFIX_PATH} /usr/bin/cmake --install /home/dvij/multi-car-racing/ros2_ws/build/my_custom_msgs
[0.475s] -- Install configuration: ""
[0.476s] -- Up-to-date: /home/dvij/multi-car-racing/ros2_ws/install/my_custom_msgs/share/ament_index/resource_index/rosidl_interfaces/my_custom_msgs
[0.476s] -- Up-to-date: /home/dvij/multi-car-racing/ros2_ws/install/my_custom_msgs/include/my_custom_msgs/my_custom_msgs
[0.476s] -- Up-to-date: /home/dvij/multi-car-racing/ros2_ws/install/my_custom_msgs/include/my_custom_msgs/my_custom_msgs/msg
[0.476s] -- Up-to-date: /home/dvij/multi-car-racing/ros2_ws/install/my_custom_msgs/include/my_custom_msgs/my_custom_msgs/msg/policy_params.h
[0.476s] -- Up-to-date: /home/dvij/multi-car-racing/ros2_ws/install/my_custom_msgs/include/my_custom_msgs/my_custom_msgs/msg/detail
[0.477s] -- Up-to-date: /home/dvij/multi-car-racing/ros2_ws/install/my_custom_msgs/include/my_custom_msgs/my_custom_msgs/msg/detail/policy_params__type_support.h
[0.477s] -- Up-to-date: /home/dvij/multi-car-racing/ros2_ws/install/my_custom_msgs/include/my_custom_msgs/my_custom_msgs/msg/detail/policy_params__functions.c
[0.477s] -- Up-to-date: /home/dvij/multi-car-racing/ros2_ws/install/my_custom_msgs/include/my_custom_msgs/my_custom_msgs/msg/detail/policy_params__functions.h
[0.477s] -- Up-to-date: /home/dvij/multi-car-racing/ros2_ws/install/my_custom_msgs/include/my_custom_msgs/my_custom_msgs/msg/detail/policy_params__struct.h
[0.477s] -- Up-to-date: /home/dvij/multi-car-racing/ros2_ws/install/my_custom_msgs/include/my_custom_msgs/my_custom_msgs/msg/rosidl_generator_c__visibility_control.h
[0.477s] -- Up-to-date: /home/dvij/multi-car-racing/ros2_ws/install/my_custom_msgs/share/my_custom_msgs/environment/library_path.sh
[0.478s] -- Up-to-date: /home/dvij/multi-car-racing/ros2_ws/install/my_custom_msgs/share/my_custom_msgs/environment/library_path.dsv
[0.478s] -- Up-to-date: /home/dvij/multi-car-racing/ros2_ws/install/my_custom_msgs/lib/libmy_custom_msgs__rosidl_generator_c.so
[0.478s] -- Up-to-date: /home/dvij/multi-car-racing/ros2_ws/install/my_custom_msgs/include/my_custom_msgs/my_custom_msgs
[0.478s] -- Up-to-date: /home/dvij/multi-car-racing/ros2_ws/install/my_custom_msgs/include/my_custom_msgs/my_custom_msgs/msg
[0.478s] -- Up-to-date: /home/dvij/multi-car-racing/ros2_ws/install/my_custom_msgs/include/my_custom_msgs/my_custom_msgs/msg/detail
[0.478s] -- Up-to-date: /home/dvij/multi-car-racing/ros2_ws/install/my_custom_msgs/include/my_custom_msgs/my_custom_msgs/msg/detail/policy_params__rosidl_typesupport_fastrtps_c.h
[0.478s] -- Up-to-date: /home/dvij/multi-car-racing/ros2_ws/install/my_custom_msgs/include/my_custom_msgs/my_custom_msgs/msg/rosidl_typesupport_fastrtps_c__visibility_control.h
[0.479s] -- Up-to-date: /home/dvij/multi-car-racing/ros2_ws/install/my_custom_msgs/lib/libmy_custom_msgs__rosidl_typesupport_fastrtps_c.so
[0.479s] -- Up-to-date: /home/dvij/multi-car-racing/ros2_ws/install/my_custom_msgs/include/my_custom_msgs/my_custom_msgs
[0.479s] -- Up-to-date: /home/dvij/multi-car-racing/ros2_ws/install/my_custom_msgs/include/my_custom_msgs/my_custom_msgs/msg
[0.479s] -- Up-to-date: /home/dvij/multi-car-racing/ros2_ws/install/my_custom_msgs/include/my_custom_msgs/my_custom_msgs/msg/detail
[0.479s] -- Up-to-date: /home/dvij/multi-car-racing/ros2_ws/install/my_custom_msgs/include/my_custom_msgs/my_custom_msgs/msg/detail/policy_params__struct.hpp
[0.479s] -- Up-to-date: /home/dvij/multi-car-racing/ros2_ws/install/my_custom_msgs/include/my_custom_msgs/my_custom_msgs/msg/detail/policy_params__traits.hpp
[0.479s] -- Up-to-date: /home/dvij/multi-car-racing/ros2_ws/install/my_custom_msgs/include/my_custom_msgs/my_custom_msgs/msg/detail/policy_params__builder.hpp
[0.480s] -- Up-to-date: /home/dvij/multi-car-racing/ros2_ws/install/my_custom_msgs/include/my_custom_msgs/my_custom_msgs/msg/policy_params.hpp
[0.480s] -- Up-to-date: /home/dvij/multi-car-racing/ros2_ws/install/my_custom_msgs/include/my_custom_msgs/my_custom_msgs
[0.480s] -- Up-to-date: /home/dvij/multi-car-racing/ros2_ws/install/my_custom_msgs/include/my_custom_msgs/my_custom_msgs/msg
[0.480s] -- Up-to-date: /home/dvij/multi-car-racing/ros2_ws/install/my_custom_msgs/include/my_custom_msgs/my_custom_msgs/msg/detail
[0.480s] -- Up-to-date: /home/dvij/multi-car-racing/ros2_ws/install/my_custom_msgs/include/my_custom_msgs/my_custom_msgs/msg/detail/dds_fastrtps
[0.480s] -- Up-to-date: /home/dvij/multi-car-racing/ros2_ws/install/my_custom_msgs/include/my_custom_msgs/my_custom_msgs/msg/detail/policy_params__rosidl_typesupport_fastrtps_cpp.hpp
[0.480s] -- Up-to-date: /home/dvij/multi-car-racing/ros2_ws/install/my_custom_msgs/include/my_custom_msgs/my_custom_msgs/msg/rosidl_typesupport_fastrtps_cpp__visibility_control.h
[0.480s] -- Up-to-date: /home/dvij/multi-car-racing/ros2_ws/install/my_custom_msgs/lib/libmy_custom_msgs__rosidl_typesupport_fastrtps_cpp.so
[0.481s] -- Up-to-date: /home/dvij/multi-car-racing/ros2_ws/install/my_custom_msgs/include/my_custom_msgs/my_custom_msgs
[0.481s] -- Up-to-date: /home/dvij/multi-car-racing/ros2_ws/install/my_custom_msgs/include/my_custom_msgs/my_custom_msgs/msg
[0.481s] -- Up-to-date: /home/dvij/multi-car-racing/ros2_ws/install/my_custom_msgs/include/my_custom_msgs/my_custom_msgs/msg/detail
[0.481s] -- Up-to-date: /home/dvij/multi-car-racing/ros2_ws/install/my_custom_msgs/include/my_custom_msgs/my_custom_msgs/msg/detail/policy_params__rosidl_typesupport_introspection_c.h
[0.481s] -- Up-to-date: /home/dvij/multi-car-racing/ros2_ws/install/my_custom_msgs/include/my_custom_msgs/my_custom_msgs/msg/detail/policy_params__type_support.c
[0.481s] -- Up-to-date: /home/dvij/multi-car-racing/ros2_ws/install/my_custom_msgs/include/my_custom_msgs/my_custom_msgs/msg/rosidl_typesupport_introspection_c__visibility_control.h
[0.481s] -- Up-to-date: /home/dvij/multi-car-racing/ros2_ws/install/my_custom_msgs/lib/libmy_custom_msgs__rosidl_typesupport_introspection_c.so
[0.482s] -- Up-to-date: /home/dvij/multi-car-racing/ros2_ws/install/my_custom_msgs/lib/libmy_custom_msgs__rosidl_typesupport_c.so
[0.482s] -- Up-to-date: /home/dvij/multi-car-racing/ros2_ws/install/my_custom_msgs/include/my_custom_msgs/my_custom_msgs
[0.482s] -- Up-to-date: /home/dvij/multi-car-racing/ros2_ws/install/my_custom_msgs/include/my_custom_msgs/my_custom_msgs/msg
[0.482s] -- Up-to-date: /home/dvij/multi-car-racing/ros2_ws/install/my_custom_msgs/include/my_custom_msgs/my_custom_msgs/msg/detail
[0.482s] -- Up-to-date: /home/dvij/multi-car-racing/ros2_ws/install/my_custom_msgs/include/my_custom_msgs/my_custom_msgs/msg/detail/policy_params__rosidl_typesupport_introspection_cpp.hpp
[0.482s] -- Up-to-date: /home/dvij/multi-car-racing/ros2_ws/install/my_custom_msgs/include/my_custom_msgs/my_custom_msgs/msg/detail/policy_params__type_support.cpp
[0.482s] -- Up-to-date: /home/dvij/multi-car-racing/ros2_ws/install/my_custom_msgs/lib/libmy_custom_msgs__rosidl_typesupport_introspection_cpp.so
[0.482s] -- Up-to-date: /home/dvij/multi-car-racing/ros2_ws/install/my_custom_msgs/lib/libmy_custom_msgs__rosidl_typesupport_cpp.so
[0.482s] -- Up-to-date: /home/dvij/multi-car-racing/ros2_ws/install/my_custom_msgs/share/my_custom_msgs/environment/pythonpath.sh
[0.483s] -- Up-to-date: /home/dvij/multi-car-racing/ros2_ws/install/my_custom_msgs/share/my_custom_msgs/environment/pythonpath.dsv
[0.483s] -- Up-to-date: /home/dvij/multi-car-racing/ros2_ws/install/my_custom_msgs/local/lib/python3.10/dist-packages/my_custom_msgs-0.0.0-py3.10.egg-info
[0.483s] -- Installing: /home/dvij/multi-car-racing/ros2_ws/install/my_custom_msgs/local/lib/python3.10/dist-packages/my_custom_msgs-0.0.0-py3.10.egg-info/SOURCES.txt
[0.483s] -- Installing: /home/dvij/multi-car-racing/ros2_ws/install/my_custom_msgs/local/lib/python3.10/dist-packages/my_custom_msgs-0.0.0-py3.10.egg-info/dependency_links.txt
[0.483s] -- Installing: /home/dvij/multi-car-racing/ros2_ws/install/my_custom_msgs/local/lib/python3.10/dist-packages/my_custom_msgs-0.0.0-py3.10.egg-info/top_level.txt
[0.483s] -- Installing: /home/dvij/multi-car-racing/ros2_ws/install/my_custom_msgs/local/lib/python3.10/dist-packages/my_custom_msgs-0.0.0-py3.10.egg-info/PKG-INFO
[0.483s] -- Up-to-date: /home/dvij/multi-car-racing/ros2_ws/install/my_custom_msgs/local/lib/python3.10/dist-packages/my_custom_msgs
[0.483s] -- Up-to-date: /home/dvij/multi-car-racing/ros2_ws/install/my_custom_msgs/local/lib/python3.10/dist-packages/my_custom_msgs/my_custom_msgs_s__rosidl_typesupport_introspection_c.cpython-310-x86_64-linux-gnu.so
[0.483s] -- Up-to-date: /home/dvij/multi-car-racing/ros2_ws/install/my_custom_msgs/local/lib/python3.10/dist-packages/my_custom_msgs/my_custom_msgs_s__rosidl_typesupport_c.cpython-310-x86_64-linux-gnu.so
[0.484s] -- Up-to-date: /home/dvij/multi-car-racing/ros2_ws/install/my_custom_msgs/local/lib/python3.10/dist-packages/my_custom_msgs/__init__.py
[0.484s] -- Up-to-date: /home/dvij/multi-car-racing/ros2_ws/install/my_custom_msgs/local/lib/python3.10/dist-packages/my_custom_msgs/msg
[0.484s] -- Up-to-date: /home/dvij/multi-car-racing/ros2_ws/install/my_custom_msgs/local/lib/python3.10/dist-packages/my_custom_msgs/msg/_policy_params_s.c
[0.484s] -- Up-to-date: /home/dvij/multi-car-racing/ros2_ws/install/my_custom_msgs/local/lib/python3.10/dist-packages/my_custom_msgs/msg/__init__.py
[0.484s] -- Up-to-date: /home/dvij/multi-car-racing/ros2_ws/install/my_custom_msgs/local/lib/python3.10/dist-packages/my_custom_msgs/msg/_policy_params.py
[0.484s] -- Up-to-date: /home/dvij/multi-car-racing/ros2_ws/install/my_custom_msgs/local/lib/python3.10/dist-packages/my_custom_msgs/_my_custom_msgs_s.ep.rosidl_typesupport_c.c
[0.484s] -- Up-to-date: /home/dvij/multi-car-racing/ros2_ws/install/my_custom_msgs/local/lib/python3.10/dist-packages/my_custom_msgs/my_custom_msgs_s__rosidl_typesupport_fastrtps_c.cpython-310-x86_64-linux-gnu.so
[0.484s] -- Up-to-date: /home/dvij/multi-car-racing/ros2_ws/install/my_custom_msgs/local/lib/python3.10/dist-packages/my_custom_msgs/_my_custom_msgs_s.ep.rosidl_typesupport_fastrtps_c.c
[0.484s] -- Up-to-date: /home/dvij/multi-car-racing/ros2_ws/install/my_custom_msgs/local/lib/python3.10/dist-packages/my_custom_msgs/libmy_custom_msgs__rosidl_generator_py.so
[0.485s] -- Up-to-date: /home/dvij/multi-car-racing/ros2_ws/install/my_custom_msgs/local/lib/python3.10/dist-packages/my_custom_msgs/_my_custom_msgs_s.ep.rosidl_typesupport_introspection_c.c
[0.526s] Listing '/home/dvij/multi-car-racing/ros2_ws/install/my_custom_msgs/local/lib/python3.10/dist-packages/my_custom_msgs'...
[0.526s] Listing '/home/dvij/multi-car-racing/ros2_ws/install/my_custom_msgs/local/lib/python3.10/dist-packages/my_custom_msgs/msg'...
[0.531s] -- Up-to-date: /home/dvij/multi-car-racing/ros2_ws/install/my_custom_msgs/local/lib/python3.10/dist-packages/my_custom_msgs/my_custom_msgs_s__rosidl_typesupport_fastrtps_c.cpython-310-x86_64-linux-gnu.so
[0.531s] -- Up-to-date: /home/dvij/multi-car-racing/ros2_ws/install/my_custom_msgs/local/lib/python3.10/dist-packages/my_custom_msgs/my_custom_msgs_s__rosidl_typesupport_introspection_c.cpython-310-x86_64-linux-gnu.so
[0.532s] -- Up-to-date: /home/dvij/multi-car-racing/ros2_ws/install/my_custom_msgs/local/lib/python3.10/dist-packages/my_custom_msgs/my_custom_msgs_s__rosidl_typesupport_c.cpython-310-x86_64-linux-gnu.so
[0.532s] -- Up-to-date: /home/dvij/multi-car-racing/ros2_ws/install/my_custom_msgs/lib/libmy_custom_msgs__rosidl_generator_py.so
[0.533s] -- Up-to-date: /home/dvij/multi-car-racing/ros2_ws/install/my_custom_msgs/share/my_custom_msgs/msg/PolicyParams.idl
[0.533s] -- Up-to-date: /home/dvij/multi-car-racing/ros2_ws/install/my_custom_msgs/share/my_custom_msgs/msg/PolicyParams.msg
[0.533s] -- Up-to-date: /home/dvij/multi-car-racing/ros2_ws/install/my_custom_msgs/share/ament_index/resource_index/package_run_dependencies/my_custom_msgs
[0.533s] -- Up-to-date: /home/dvij/multi-car-racing/ros2_ws/install/my_custom_msgs/share/ament_index/resource_index/parent_prefix_path/my_custom_msgs
[0.533s] -- Up-to-date: /home/dvij/multi-car-racing/ros2_ws/install/my_custom_msgs/share/my_custom_msgs/environment/ament_prefix_path.sh
[0.533s] -- Up-to-date: /home/dvij/multi-car-racing/ros2_ws/install/my_custom_msgs/share/my_custom_msgs/environment/ament_prefix_path.dsv
[0.533s] -- Up-to-date: /home/dvij/multi-car-racing/ros2_ws/install/my_custom_msgs/share/my_custom_msgs/environment/path.sh
[0.534s] -- Up-to-date: /home/dvij/multi-car-racing/ros2_ws/install/my_custom_msgs/share/my_custom_msgs/environment/path.dsv
[0.534s] -- Up-to-date: /home/dvij/multi-car-racing/ros2_ws/install/my_custom_msgs/share/my_custom_msgs/local_setup.bash
[0.534s] -- Up-to-date: /home/dvij/multi-car-racing/ros2_ws/install/my_custom_msgs/share/my_custom_msgs/local_setup.sh
[0.534s] -- Up-to-date: /home/dvij/multi-car-racing/ros2_ws/install/my_custom_msgs/share/my_custom_msgs/local_setup.zsh
[0.534s] -- Up-to-date: /home/dvij/multi-car-racing/ros2_ws/install/my_custom_msgs/share/my_custom_msgs/local_setup.dsv
[0.534s] -- Installing: /home/dvij/multi-car-racing/ros2_ws/install/my_custom_msgs/share/my_custom_msgs/package.dsv
[0.535s] -- Up-to-date: /home/dvij/multi-car-racing/ros2_ws/install/my_custom_msgs/share/ament_index/resource_index/packages/my_custom_msgs
[0.535s] -- Up-to-date: /home/dvij/multi-car-racing/ros2_ws/install/my_custom_msgs/share/my_custom_msgs/cmake/export_my_custom_msgs__rosidl_generator_cExport.cmake
[0.535s] -- Up-to-date: /home/dvij/multi-car-racing/ros2_ws/install/my_custom_msgs/share/my_custom_msgs/cmake/export_my_custom_msgs__rosidl_generator_cExport-noconfig.cmake
[0.535s] -- Up-to-date: /home/dvij/multi-car-racing/ros2_ws/install/my_custom_msgs/share/my_custom_msgs/cmake/export_my_custom_msgs__rosidl_typesupport_fastrtps_cExport.cmake
[0.535s] -- Up-to-date: /home/dvij/multi-car-racing/ros2_ws/install/my_custom_msgs/share/my_custom_msgs/cmake/export_my_custom_msgs__rosidl_typesupport_fastrtps_cExport-noconfig.cmake
[0.535s] -- Up-to-date: /home/dvij/multi-car-racing/ros2_ws/install/my_custom_msgs/share/my_custom_msgs/cmake/export_my_custom_msgs__rosidl_generator_cppExport.cmake
[0.535s] -- Up-to-date: /home/dvij/multi-car-racing/ros2_ws/install/my_custom_msgs/share/my_custom_msgs/cmake/export_my_custom_msgs__rosidl_typesupport_fastrtps_cppExport.cmake
[0.536s] -- Up-to-date: /home/dvij/multi-car-racing/ros2_ws/install/my_custom_msgs/share/my_custom_msgs/cmake/export_my_custom_msgs__rosidl_typesupport_fastrtps_cppExport-noconfig.cmake
[0.536s] -- Up-to-date: /home/dvij/multi-car-racing/ros2_ws/install/my_custom_msgs/share/my_custom_msgs/cmake/my_custom_msgs__rosidl_typesupport_introspection_cExport.cmake
[0.536s] -- Up-to-date: /home/dvij/multi-car-racing/ros2_ws/install/my_custom_msgs/share/my_custom_msgs/cmake/my_custom_msgs__rosidl_typesupport_introspection_cExport-noconfig.cmake
[0.536s] -- Up-to-date: /home/dvij/multi-car-racing/ros2_ws/install/my_custom_msgs/share/my_custom_msgs/cmake/my_custom_msgs__rosidl_typesupport_cExport.cmake
[0.536s] -- Up-to-date: /home/dvij/multi-car-racing/ros2_ws/install/my_custom_msgs/share/my_custom_msgs/cmake/my_custom_msgs__rosidl_typesupport_cExport-noconfig.cmake
[0.536s] -- Up-to-date: /home/dvij/multi-car-racing/ros2_ws/install/my_custom_msgs/share/my_custom_msgs/cmake/my_custom_msgs__rosidl_typesupport_introspection_cppExport.cmake
[0.537s] -- Up-to-date: /home/dvij/multi-car-racing/ros2_ws/install/my_custom_msgs/share/my_custom_msgs/cmake/my_custom_msgs__rosidl_typesupport_introspection_cppExport-noconfig.cmake
[0.537s] -- Up-to-date: /home/dvij/multi-car-racing/ros2_ws/install/my_custom_msgs/share/my_custom_msgs/cmake/my_custom_msgs__rosidl_typesupport_cppExport.cmake
[0.537s] -- Up-to-date: /home/dvij/multi-car-racing/ros2_ws/install/my_custom_msgs/share/my_custom_msgs/cmake/my_custom_msgs__rosidl_typesupport_cppExport-noconfig.cmake
[0.537s] -- Up-to-date: /home/dvij/multi-car-racing/ros2_ws/install/my_custom_msgs/share/my_custom_msgs/cmake/export_my_custom_msgs__rosidl_generator_pyExport.cmake
[0.537s] -- Up-to-date: /home/dvij/multi-car-racing/ros2_ws/install/my_custom_msgs/share/my_custom_msgs/cmake/export_my_custom_msgs__rosidl_generator_pyExport-noconfig.cmake
[0.537s] -- Up-to-date: /home/dvij/multi-car-racing/ros2_ws/install/my_custom_msgs/share/my_custom_msgs/cmake/rosidl_cmake-extras.cmake
[0.537s] -- Up-to-date: /home/dvij/multi-car-racing/ros2_ws/install/my_custom_msgs/share/my_custom_msgs/cmake/ament_cmake_export_dependencies-extras.cmake
[0.537s] -- Up-to-date: /home/dvij/multi-car-racing/ros2_ws/install/my_custom_msgs/share/my_custom_msgs/cmake/ament_cmake_export_include_directories-extras.cmake
[0.537s] -- Up-to-date: /home/dvij/multi-car-racing/ros2_ws/install/my_custom_msgs/share/my_custom_msgs/cmake/ament_cmake_export_libraries-extras.cmake
[0.537s] -- Up-to-date: /home/dvij/multi-car-racing/ros2_ws/install/my_custom_msgs/share/my_custom_msgs/cmake/ament_cmake_export_targets-extras.cmake
[0.538s] -- Up-to-date: /home/dvij/multi-car-racing/ros2_ws/install/my_custom_msgs/share/my_custom_msgs/cmake/rosidl_cmake_export_typesupport_targets-extras.cmake
[0.538s] -- Up-to-date: /home/dvij/multi-car-racing/ros2_ws/install/my_custom_msgs/share/my_custom_msgs/cmake/rosidl_cmake_export_typesupport_libraries-extras.cmake
[0.538s] -- Up-to-date: /home/dvij/multi-car-racing/ros2_ws/install/my_custom_msgs/share/my_custom_msgs/cmake/my_custom_msgsConfig.cmake
[0.538s] -- Up-to-date: /home/dvij/multi-car-racing/ros2_ws/install/my_custom_msgs/share/my_custom_msgs/cmake/my_custom_msgsConfig-version.cmake
[0.538s] -- Up-to-date: /home/dvij/multi-car-racing/ros2_ws/install/my_custom_msgs/share/my_custom_msgs/package.xml
[0.540s] Invoked command in '/home/dvij/multi-car-racing/ros2_ws/build/my_custom_msgs' returned '0': CMAKE_PREFIX_PATH=/opt/ros/humble:${CMAKE_PREFIX_PATH} /usr/bin/cmake --install /home/dvij/multi-car-racing/ros2_ws/build/my_custom_msgs
