[0.098s] DEBUG:colcon:Command line arguments: ['/usr/bin/colcon', 'build']
[0.098s] DEBUG:colcon:Parsed command line arguments: Namespace(log_base=None, log_level=None, verb_name='build', build_base='build', install_base='install', merge_install=False, symlink_install=False, test_result_base=None, continue_on_error=False, executor='parallel', parallel_workers=48, event_handlers=None, ignore_user_meta=False, metas=['./colcon.meta'], base_paths=['.'], packages_ignore=None, packages_ignore_regex=None, paths=None, packages_up_to=None, packages_up_to_regex=None, packages_above=None, packages_above_and_dependencies=None, packages_above_depth=None, packages_select_by_dep=None, packages_skip_by_dep=None, packages_skip_up_to=None, packages_select_build_failed=False, packages_skip_build_finished=False, packages_select_test_failures=False, packages_skip_test_passed=False, packages_select=None, packages_skip=None, packages_select_regex=None, packages_skip_regex=None, packages_start=None, packages_end=None, allow_overriding=[], cmake_args=None, cmake_target=None, cmake_target_skip_unavailable=False, cmake_clean_cache=False, cmake_clean_first=False, cmake_force_configure=False, ament_cmake_args=None, catkin_cmake_args=None, catkin_skip_building_tests=False, mixin_files=None, mixin=None, verb_parser=<colcon_mixin.mixin.mixin_argument.MixinArgumentDecorator object at 0x7f8d092707f0>, verb_extension=<colcon_core.verb.build.BuildVerb object at 0x7f8d092701f0>, main=<bound method BuildVerb.main of <colcon_core.verb.build.BuildVerb object at 0x7f8d092701f0>>, mixin_verb=('build',))
[0.282s] Level 1:colcon.colcon_core.package_discovery:discover_packages(colcon_meta) check parameters
[0.282s] Level 1:colcon.colcon_core.package_discovery:discover_packages(recursive) check parameters
[0.282s] Level 1:colcon.colcon_core.package_discovery:discover_packages(ignore) check parameters
[0.282s] Level 1:colcon.colcon_core.package_discovery:discover_packages(path) check parameters
[0.282s] Level 1:colcon.colcon_core.package_discovery:discover_packages(colcon_meta) discover
[0.282s] Level 1:colcon.colcon_core.package_discovery:discover_packages(recursive) discover
[0.282s] INFO:colcon.colcon_core.package_discovery:Crawling recursively for packages in '/home/dvij/multi-car-racing/ros2_ws'
[0.282s] Level 1:colcon.colcon_core.package_identification:_identify(.) by extensions ['ignore', 'ignore_ament_install']
[0.282s] Level 1:colcon.colcon_core.package_identification:_identify(.) by extension 'ignore'
[0.282s] Level 1:colcon.colcon_core.package_identification:_identify(.) by extension 'ignore_ament_install'
[0.282s] Level 1:colcon.colcon_core.package_identification:_identify(.) by extensions ['colcon_pkg']
[0.282s] Level 1:colcon.colcon_core.package_identification:_identify(.) by extension 'colcon_pkg'
[0.282s] Level 1:colcon.colcon_core.package_identification:_identify(.) by extensions ['colcon_meta']
[0.282s] Level 1:colcon.colcon_core.package_identification:_identify(.) by extension 'colcon_meta'
[0.282s] Level 1:colcon.colcon_core.package_identification:_identify(.) by extensions ['ros']
[0.282s] Level 1:colcon.colcon_core.package_identification:_identify(.) by extension 'ros'
[0.292s] Level 1:colcon.colcon_core.package_identification:_identify(.) by extensions ['cmake', 'python']
[0.293s] Level 1:colcon.colcon_core.package_identification:_identify(.) by extension 'cmake'
[0.293s] Level 1:colcon.colcon_core.package_identification:_identify(.) by extension 'python'
[0.293s] Level 1:colcon.colcon_core.package_identification:_identify(.) by extensions ['python_setup_py']
[0.293s] Level 1:colcon.colcon_core.package_identification:_identify(.) by extension 'python_setup_py'
[0.293s] Level 1:colcon.colcon_core.package_identification:_identify(build) by extensions ['ignore', 'ignore_ament_install']
[0.293s] Level 1:colcon.colcon_core.package_identification:_identify(build) by extension 'ignore'
[0.293s] Level 1:colcon.colcon_core.package_identification:_identify(build) ignored
[0.293s] Level 1:colcon.colcon_core.package_identification:_identify(install) by extensions ['ignore', 'ignore_ament_install']
[0.293s] Level 1:colcon.colcon_core.package_identification:_identify(install) by extension 'ignore'
[0.293s] Level 1:colcon.colcon_core.package_identification:_identify(install) ignored
[0.293s] Level 1:colcon.colcon_core.package_identification:_identify(log) by extensions ['ignore', 'ignore_ament_install']
[0.293s] Level 1:colcon.colcon_core.package_identification:_identify(log) by extension 'ignore'
[0.293s] Level 1:colcon.colcon_core.package_identification:_identify(log) ignored
[0.293s] Level 1:colcon.colcon_core.package_identification:_identify(src) by extensions ['ignore', 'ignore_ament_install']
[0.294s] Level 1:colcon.colcon_core.package_identification:_identify(src) by extension 'ignore'
[0.294s] Level 1:colcon.colcon_core.package_identification:_identify(src) by extension 'ignore_ament_install'
[0.294s] Level 1:colcon.colcon_core.package_identification:_identify(src) by extensions ['colcon_pkg']
[0.294s] Level 1:colcon.colcon_core.package_identification:_identify(src) by extension 'colcon_pkg'
[0.294s] Level 1:colcon.colcon_core.package_identification:_identify(src) by extensions ['colcon_meta']
[0.294s] Level 1:colcon.colcon_core.package_identification:_identify(src) by extension 'colcon_meta'
[0.294s] Level 1:colcon.colcon_core.package_identification:_identify(src) by extensions ['ros']
[0.294s] Level 1:colcon.colcon_core.package_identification:_identify(src) by extension 'ros'
[0.294s] Level 1:colcon.colcon_core.package_identification:_identify(src) by extensions ['cmake', 'python']
[0.294s] Level 1:colcon.colcon_core.package_identification:_identify(src) by extension 'cmake'
[0.294s] Level 1:colcon.colcon_core.package_identification:_identify(src) by extension 'python'
[0.294s] Level 1:colcon.colcon_core.package_identification:_identify(src) by extensions ['python_setup_py']
[0.294s] Level 1:colcon.colcon_core.package_identification:_identify(src) by extension 'python_setup_py'
[0.294s] Level 1:colcon.colcon_core.package_identification:_identify(src/my_custom_msgs) by extensions ['ignore', 'ignore_ament_install']
[0.294s] Level 1:colcon.colcon_core.package_identification:_identify(src/my_custom_msgs) by extension 'ignore'
[0.294s] Level 1:colcon.colcon_core.package_identification:_identify(src/my_custom_msgs) by extension 'ignore_ament_install'
[0.294s] Level 1:colcon.colcon_core.package_identification:_identify(src/my_custom_msgs) by extensions ['colcon_pkg']
[0.294s] Level 1:colcon.colcon_core.package_identification:_identify(src/my_custom_msgs) by extension 'colcon_pkg'
[0.294s] Level 1:colcon.colcon_core.package_identification:_identify(src/my_custom_msgs) by extensions ['colcon_meta']
[0.294s] Level 1:colcon.colcon_core.package_identification:_identify(src/my_custom_msgs) by extension 'colcon_meta'
[0.294s] Level 1:colcon.colcon_core.package_identification:_identify(src/my_custom_msgs) by extensions ['ros']
[0.294s] Level 1:colcon.colcon_core.package_identification:_identify(src/my_custom_msgs) by extension 'ros'
[0.309s] DEBUG:colcon.colcon_core.package_identification:Package 'src/my_custom_msgs' with type 'ros.ament_cmake' and name 'my_custom_msgs'
[0.309s] Level 1:colcon.colcon_core.package_identification:_identify(src/my_robot_description) by extensions ['ignore', 'ignore_ament_install']
[0.310s] Level 1:colcon.colcon_core.package_identification:_identify(src/my_robot_description) by extension 'ignore'
[0.310s] Level 1:colcon.colcon_core.package_identification:_identify(src/my_robot_description) by extension 'ignore_ament_install'
[0.310s] Level 1:colcon.colcon_core.package_identification:_identify(src/my_robot_description) by extensions ['colcon_pkg']
[0.310s] Level 1:colcon.colcon_core.package_identification:_identify(src/my_robot_description) by extension 'colcon_pkg'
[0.310s] Level 1:colcon.colcon_core.package_identification:_identify(src/my_robot_description) by extensions ['colcon_meta']
[0.310s] Level 1:colcon.colcon_core.package_identification:_identify(src/my_robot_description) by extension 'colcon_meta'
[0.310s] Level 1:colcon.colcon_core.package_identification:_identify(src/my_robot_description) by extensions ['ros']
[0.310s] Level 1:colcon.colcon_core.package_identification:_identify(src/my_robot_description) by extension 'ros'
[0.310s] DEBUG:colcon.colcon_core.package_identification:Package 'src/my_robot_description' with type 'ros.ament_cmake' and name 'my_robot_description'
[0.310s] Level 1:colcon.colcon_core.package_discovery:discover_packages(recursive) using defaults
[0.310s] Level 1:colcon.colcon_core.package_discovery:discover_packages(ignore) discover
[0.310s] Level 1:colcon.colcon_core.package_discovery:discover_packages(ignore) using defaults
[0.310s] Level 1:colcon.colcon_core.package_discovery:discover_packages(path) discover
[0.310s] Level 1:colcon.colcon_core.package_discovery:discover_packages(path) using defaults
[0.327s] Level 1:colcon.colcon_core.package_discovery:discover_packages(prefix_path) check parameters
[0.327s] Level 1:colcon.colcon_core.package_discovery:discover_packages(prefix_path) discover
[0.328s] DEBUG:colcon.colcon_installed_package_information.package_discovery:Found 2 installed packages in /home/dvij/multi-car-racing/ros2_ws/install
[0.329s] DEBUG:colcon.colcon_installed_package_information.package_discovery:Found 276 installed packages in /opt/ros/humble
[0.331s] Level 1:colcon.colcon_core.package_discovery:discover_packages(prefix_path) using defaults
[0.364s] Level 5:colcon.colcon_core.verb:set package 'my_custom_msgs' build argument 'cmake_args' from command line to 'None'
[0.364s] Level 5:colcon.colcon_core.verb:set package 'my_custom_msgs' build argument 'cmake_target' from command line to 'None'
[0.364s] Level 5:colcon.colcon_core.verb:set package 'my_custom_msgs' build argument 'cmake_target_skip_unavailable' from command line to 'False'
[0.364s] Level 5:colcon.colcon_core.verb:set package 'my_custom_msgs' build argument 'cmake_clean_cache' from command line to 'False'
[0.364s] Level 5:colcon.colcon_core.verb:set package 'my_custom_msgs' build argument 'cmake_clean_first' from command line to 'False'
[0.364s] Level 5:colcon.colcon_core.verb:set package 'my_custom_msgs' build argument 'cmake_force_configure' from command line to 'False'
[0.364s] Level 5:colcon.colcon_core.verb:set package 'my_custom_msgs' build argument 'ament_cmake_args' from command line to 'None'
[0.364s] Level 5:colcon.colcon_core.verb:set package 'my_custom_msgs' build argument 'catkin_cmake_args' from command line to 'None'
[0.364s] Level 5:colcon.colcon_core.verb:set package 'my_custom_msgs' build argument 'catkin_skip_building_tests' from command line to 'False'
[0.364s] DEBUG:colcon.colcon_core.verb:Building package 'my_custom_msgs' with the following arguments: {'ament_cmake_args': None, 'build_base': '/home/dvij/multi-car-racing/ros2_ws/build/my_custom_msgs', 'catkin_cmake_args': None, 'catkin_skip_building_tests': False, 'cmake_args': None, 'cmake_clean_cache': False, 'cmake_clean_first': False, 'cmake_force_configure': False, 'cmake_target': None, 'cmake_target_skip_unavailable': False, 'install_base': '/home/dvij/multi-car-racing/ros2_ws/install/my_custom_msgs', 'merge_install': False, 'path': '/home/dvij/multi-car-racing/ros2_ws/src/my_custom_msgs', 'symlink_install': False, 'test_result_base': None}
[0.365s] Level 5:colcon.colcon_core.verb:set package 'my_robot_description' build argument 'cmake_args' from command line to 'None'
[0.365s] Level 5:colcon.colcon_core.verb:set package 'my_robot_description' build argument 'cmake_target' from command line to 'None'
[0.365s] Level 5:colcon.colcon_core.verb:set package 'my_robot_description' build argument 'cmake_target_skip_unavailable' from command line to 'False'
[0.365s] Level 5:colcon.colcon_core.verb:set package 'my_robot_description' build argument 'cmake_clean_cache' from command line to 'False'
[0.365s] Level 5:colcon.colcon_core.verb:set package 'my_robot_description' build argument 'cmake_clean_first' from command line to 'False'
[0.365s] Level 5:colcon.colcon_core.verb:set package 'my_robot_description' build argument 'cmake_force_configure' from command line to 'False'
[0.365s] Level 5:colcon.colcon_core.verb:set package 'my_robot_description' build argument 'ament_cmake_args' from command line to 'None'
[0.365s] Level 5:colcon.colcon_core.verb:set package 'my_robot_description' build argument 'catkin_cmake_args' from command line to 'None'
[0.365s] Level 5:colcon.colcon_core.verb:set package 'my_robot_description' build argument 'catkin_skip_building_tests' from command line to 'False'
[0.365s] DEBUG:colcon.colcon_core.verb:Building package 'my_robot_description' with the following arguments: {'ament_cmake_args': None, 'build_base': '/home/dvij/multi-car-racing/ros2_ws/build/my_robot_description', 'catkin_cmake_args': None, 'catkin_skip_building_tests': False, 'cmake_args': None, 'cmake_clean_cache': False, 'cmake_clean_first': False, 'cmake_force_configure': False, 'cmake_target': None, 'cmake_target_skip_unavailable': False, 'install_base': '/home/dvij/multi-car-racing/ros2_ws/install/my_robot_description', 'merge_install': False, 'path': '/home/dvij/multi-car-racing/ros2_ws/src/my_robot_description', 'symlink_install': False, 'test_result_base': None}
[0.365s] INFO:colcon.colcon_core.executor:Executing jobs using 'parallel' executor
[0.366s] DEBUG:colcon.colcon_parallel_executor.executor.parallel:run_until_complete
[0.366s] INFO:colcon.colcon_ros.task.ament_cmake.build:Building ROS package in '/home/dvij/multi-car-racing/ros2_ws/src/my_custom_msgs' with build type 'ament_cmake'
[0.366s] INFO:colcon.colcon_cmake.task.cmake.build:Building CMake package in '/home/dvij/multi-car-racing/ros2_ws/src/my_custom_msgs'
[0.368s] INFO:colcon.colcon_core.plugin_system:Skipping extension 'colcon_core.shell.bat': Not used on non-Windows systems
[0.369s] INFO:colcon.colcon_core.shell:Skip shell extension 'powershell' for command environment: Not usable outside of PowerShell
[0.369s] DEBUG:colcon.colcon_core.shell:Skip shell extension 'dsv' for command environment
[0.372s] INFO:colcon.colcon_ros.task.ament_cmake.build:Building ROS package in '/home/dvij/multi-car-racing/ros2_ws/src/my_robot_description' with build type 'ament_cmake'
[0.372s] INFO:colcon.colcon_cmake.task.cmake.build:Building CMake package in '/home/dvij/multi-car-racing/ros2_ws/src/my_robot_description'
[0.372s] INFO:colcon.colcon_core.shell:Skip shell extension 'powershell' for command environment: Not usable outside of PowerShell
[0.372s] DEBUG:colcon.colcon_core.shell:Skip shell extension 'dsv' for command environment
[0.381s] DEBUG:colcon.colcon_core.event_handler.log_command:Invoking command in '/home/dvij/multi-car-racing/ros2_ws/build/my_custom_msgs': CMAKE_PREFIX_PATH=/opt/ros/humble:${CMAKE_PREFIX_PATH} /usr/bin/cmake --build /home/dvij/multi-car-racing/ros2_ws/build/my_custom_msgs -- -j48 -l48
[0.384s] DEBUG:colcon.colcon_core.event_handler.log_command:Invoking command in '/home/dvij/multi-car-racing/ros2_ws/build/my_robot_description': CMAKE_PREFIX_PATH=/opt/ros/humble:${CMAKE_PREFIX_PATH} /usr/bin/cmake --build /home/dvij/multi-car-racing/ros2_ws/build/my_robot_description -- -j48 -l48
[0.433s] DEBUG:colcon.colcon_core.event_handler.log_command:Invoked command in '/home/dvij/multi-car-racing/ros2_ws/build/my_robot_description' returned '0': CMAKE_PREFIX_PATH=/opt/ros/humble:${CMAKE_PREFIX_PATH} /usr/bin/cmake --build /home/dvij/multi-car-racing/ros2_ws/build/my_robot_description -- -j48 -l48
[0.473s] DEBUG:colcon.colcon_core.event_handler.log_command:Invoking command in '/home/dvij/multi-car-racing/ros2_ws/build/my_robot_description': CMAKE_PREFIX_PATH=/opt/ros/humble:${CMAKE_PREFIX_PATH} /usr/bin/cmake --install /home/dvij/multi-car-racing/ros2_ws/build/my_robot_description
[0.483s] Level 1:colcon.colcon_core.environment:create_environment_scripts_only(my_robot_description)
[0.484s] DEBUG:colcon.colcon_core.event_handler.log_command:Invoked command in '/home/dvij/multi-car-racing/ros2_ws/build/my_robot_description' returned '0': CMAKE_PREFIX_PATH=/opt/ros/humble:${CMAKE_PREFIX_PATH} /usr/bin/cmake --install /home/dvij/multi-car-racing/ros2_ws/build/my_robot_description
[0.487s] Level 1:colcon.colcon_core.environment:checking '/home/dvij/multi-car-racing/ros2_ws/install/my_robot_description' for CMake module files
[0.488s] Level 1:colcon.colcon_core.environment:checking '/home/dvij/multi-car-racing/ros2_ws/install/my_robot_description' for CMake config files
[0.488s] Level 1:colcon.colcon_core.shell:create_environment_hook('my_robot_description', 'cmake_prefix_path')
[0.489s] INFO:colcon.colcon_core.shell:Creating environment hook '/home/dvij/multi-car-racing/ros2_ws/install/my_robot_description/share/my_robot_description/hook/cmake_prefix_path.ps1'
[0.490s] INFO:colcon.colcon_core.shell:Creating environment descriptor '/home/dvij/multi-car-racing/ros2_ws/install/my_robot_description/share/my_robot_description/hook/cmake_prefix_path.dsv'
[0.490s] INFO:colcon.colcon_core.shell:Creating environment hook '/home/dvij/multi-car-racing/ros2_ws/install/my_robot_description/share/my_robot_description/hook/cmake_prefix_path.sh'
[0.492s] Level 1:colcon.colcon_core.environment:checking '/home/dvij/multi-car-racing/ros2_ws/install/my_robot_description/bin'
[0.492s] Level 1:colcon.colcon_core.environment:checking '/home/dvij/multi-car-racing/ros2_ws/install/my_robot_description/lib/pkgconfig/my_robot_description.pc'
[0.492s] Level 1:colcon.colcon_core.environment:checking '/home/dvij/multi-car-racing/ros2_ws/install/my_robot_description/lib/python3.10/site-packages'
[0.492s] Level 1:colcon.colcon_core.environment:checking '/home/dvij/multi-car-racing/ros2_ws/install/my_robot_description/bin'
[0.493s] INFO:colcon.colcon_core.shell:Creating package script '/home/dvij/multi-car-racing/ros2_ws/install/my_robot_description/share/my_robot_description/package.ps1'
[0.494s] INFO:colcon.colcon_core.shell:Creating package descriptor '/home/dvij/multi-car-racing/ros2_ws/install/my_robot_description/share/my_robot_description/package.dsv'
[0.495s] INFO:colcon.colcon_core.shell:Creating package script '/home/dvij/multi-car-racing/ros2_ws/install/my_robot_description/share/my_robot_description/package.sh'
[0.496s] INFO:colcon.colcon_core.shell:Creating package script '/home/dvij/multi-car-racing/ros2_ws/install/my_robot_description/share/my_robot_description/package.bash'
[0.498s] INFO:colcon.colcon_core.shell:Creating package script '/home/dvij/multi-car-racing/ros2_ws/install/my_robot_description/share/my_robot_description/package.zsh'
[0.499s] Level 1:colcon.colcon_core.environment:create_file_with_runtime_dependencies(/home/dvij/multi-car-racing/ros2_ws/install/my_robot_description/share/colcon-core/packages/my_robot_description)
[0.523s] Level 1:colcon.colcon_core.environment:create_environment_scripts_only(my_robot_description)
[0.524s] Level 1:colcon.colcon_core.environment:checking '/home/dvij/multi-car-racing/ros2_ws/install/my_robot_description' for CMake module files
[0.524s] Level 1:colcon.colcon_core.environment:checking '/home/dvij/multi-car-racing/ros2_ws/install/my_robot_description' for CMake config files
[0.524s] Level 1:colcon.colcon_core.shell:create_environment_hook('my_robot_description', 'cmake_prefix_path')
[0.524s] INFO:colcon.colcon_core.shell:Creating environment hook '/home/dvij/multi-car-racing/ros2_ws/install/my_robot_description/share/my_robot_description/hook/cmake_prefix_path.ps1'
[0.525s] INFO:colcon.colcon_core.shell:Creating environment descriptor '/home/dvij/multi-car-racing/ros2_ws/install/my_robot_description/share/my_robot_description/hook/cmake_prefix_path.dsv'
[0.525s] INFO:colcon.colcon_core.shell:Creating environment hook '/home/dvij/multi-car-racing/ros2_ws/install/my_robot_description/share/my_robot_description/hook/cmake_prefix_path.sh'
[0.526s] Level 1:colcon.colcon_core.environment:checking '/home/dvij/multi-car-racing/ros2_ws/install/my_robot_description/bin'
[0.526s] Level 1:colcon.colcon_core.environment:checking '/home/dvij/multi-car-racing/ros2_ws/install/my_robot_description/lib/pkgconfig/my_robot_description.pc'
[0.526s] Level 1:colcon.colcon_core.environment:checking '/home/dvij/multi-car-racing/ros2_ws/install/my_robot_description/lib/python3.10/site-packages'
[0.526s] Level 1:colcon.colcon_core.environment:checking '/home/dvij/multi-car-racing/ros2_ws/install/my_robot_description/bin'
[0.526s] INFO:colcon.colcon_core.shell:Creating package script '/home/dvij/multi-car-racing/ros2_ws/install/my_robot_description/share/my_robot_description/package.ps1'
[0.527s] INFO:colcon.colcon_core.shell:Creating package descriptor '/home/dvij/multi-car-racing/ros2_ws/install/my_robot_description/share/my_robot_description/package.dsv'
[0.527s] INFO:colcon.colcon_core.shell:Creating package script '/home/dvij/multi-car-racing/ros2_ws/install/my_robot_description/share/my_robot_description/package.sh'
[0.528s] INFO:colcon.colcon_core.shell:Creating package script '/home/dvij/multi-car-racing/ros2_ws/install/my_robot_description/share/my_robot_description/package.bash'
[0.528s] INFO:colcon.colcon_core.shell:Creating package script '/home/dvij/multi-car-racing/ros2_ws/install/my_robot_description/share/my_robot_description/package.zsh'
[0.528s] Level 1:colcon.colcon_core.environment:create_file_with_runtime_dependencies(/home/dvij/multi-car-racing/ros2_ws/install/my_robot_description/share/colcon-core/packages/my_robot_description)
[0.769s] DEBUG:colcon.colcon_core.event_handler.log_command:Invoked command in '/home/dvij/multi-car-racing/ros2_ws/build/my_custom_msgs' returned '0': CMAKE_PREFIX_PATH=/opt/ros/humble:${CMAKE_PREFIX_PATH} /usr/bin/cmake --build /home/dvij/multi-car-racing/ros2_ws/build/my_custom_msgs -- -j48 -l48
[0.834s] DEBUG:colcon.colcon_core.event_handler.log_command:Invoking command in '/home/dvij/multi-car-racing/ros2_ws/build/my_custom_msgs': CMAKE_PREFIX_PATH=/opt/ros/humble:${CMAKE_PREFIX_PATH} /usr/bin/cmake --install /home/dvij/multi-car-racing/ros2_ws/build/my_custom_msgs
[0.908s] Level 1:colcon.colcon_core.environment:create_environment_scripts_only(my_custom_msgs)
[0.908s] Level 1:colcon.colcon_core.environment:checking '/home/dvij/multi-car-racing/ros2_ws/install/my_custom_msgs' for CMake module files
[0.909s] DEBUG:colcon.colcon_core.event_handler.log_command:Invoked command in '/home/dvij/multi-car-racing/ros2_ws/build/my_custom_msgs' returned '0': CMAKE_PREFIX_PATH=/opt/ros/humble:${CMAKE_PREFIX_PATH} /usr/bin/cmake --install /home/dvij/multi-car-racing/ros2_ws/build/my_custom_msgs
[0.909s] Level 1:colcon.colcon_core.environment:checking '/home/dvij/multi-car-racing/ros2_ws/install/my_custom_msgs' for CMake config files
[0.910s] Level 1:colcon.colcon_core.shell:create_environment_hook('my_custom_msgs', 'cmake_prefix_path')
[0.910s] INFO:colcon.colcon_core.shell:Creating environment hook '/home/dvij/multi-car-racing/ros2_ws/install/my_custom_msgs/share/my_custom_msgs/hook/cmake_prefix_path.ps1'
[0.911s] INFO:colcon.colcon_core.shell:Creating environment descriptor '/home/dvij/multi-car-racing/ros2_ws/install/my_custom_msgs/share/my_custom_msgs/hook/cmake_prefix_path.dsv'
[0.911s] INFO:colcon.colcon_core.shell:Creating environment hook '/home/dvij/multi-car-racing/ros2_ws/install/my_custom_msgs/share/my_custom_msgs/hook/cmake_prefix_path.sh'
[0.911s] Level 1:colcon.colcon_core.environment:checking '/home/dvij/multi-car-racing/ros2_ws/install/my_custom_msgs/lib'
[0.911s] Level 1:colcon.colcon_core.shell:create_environment_hook('my_custom_msgs', 'ld_library_path_lib')
[0.912s] INFO:colcon.colcon_core.shell:Creating environment hook '/home/dvij/multi-car-racing/ros2_ws/install/my_custom_msgs/share/my_custom_msgs/hook/ld_library_path_lib.ps1'
[0.912s] INFO:colcon.colcon_core.shell:Creating environment descriptor '/home/dvij/multi-car-racing/ros2_ws/install/my_custom_msgs/share/my_custom_msgs/hook/ld_library_path_lib.dsv'
[0.912s] INFO:colcon.colcon_core.shell:Creating environment hook '/home/dvij/multi-car-racing/ros2_ws/install/my_custom_msgs/share/my_custom_msgs/hook/ld_library_path_lib.sh'
[0.913s] Level 1:colcon.colcon_core.environment:checking '/home/dvij/multi-car-racing/ros2_ws/install/my_custom_msgs/bin'
[0.913s] Level 1:colcon.colcon_core.environment:checking '/home/dvij/multi-car-racing/ros2_ws/install/my_custom_msgs/lib/pkgconfig/my_custom_msgs.pc'
[0.913s] Level 1:colcon.colcon_core.environment:checking '/home/dvij/multi-car-racing/ros2_ws/install/my_custom_msgs/lib/python3.10/site-packages'
[0.913s] Level 1:colcon.colcon_core.environment:checking '/home/dvij/multi-car-racing/ros2_ws/install/my_custom_msgs/bin'
[0.913s] INFO:colcon.colcon_core.shell:Creating package script '/home/dvij/multi-car-racing/ros2_ws/install/my_custom_msgs/share/my_custom_msgs/package.ps1'
[0.914s] INFO:colcon.colcon_core.shell:Creating package descriptor '/home/dvij/multi-car-racing/ros2_ws/install/my_custom_msgs/share/my_custom_msgs/package.dsv'
[0.914s] INFO:colcon.colcon_core.shell:Creating package script '/home/dvij/multi-car-racing/ros2_ws/install/my_custom_msgs/share/my_custom_msgs/package.sh'
[0.914s] INFO:colcon.colcon_core.shell:Creating package script '/home/dvij/multi-car-racing/ros2_ws/install/my_custom_msgs/share/my_custom_msgs/package.bash'
[0.915s] INFO:colcon.colcon_core.shell:Creating package script '/home/dvij/multi-car-racing/ros2_ws/install/my_custom_msgs/share/my_custom_msgs/package.zsh'
[0.915s] Level 1:colcon.colcon_core.environment:create_file_with_runtime_dependencies(/home/dvij/multi-car-racing/ros2_ws/install/my_custom_msgs/share/colcon-core/packages/my_custom_msgs)
[0.977s] Level 1:colcon.colcon_core.environment:create_environment_scripts_only(my_custom_msgs)
[0.977s] Level 1:colcon.colcon_core.environment:checking '/home/dvij/multi-car-racing/ros2_ws/install/my_custom_msgs' for CMake module files
[0.978s] Level 1:colcon.colcon_core.environment:checking '/home/dvij/multi-car-racing/ros2_ws/install/my_custom_msgs' for CMake config files
[0.978s] Level 1:colcon.colcon_core.shell:create_environment_hook('my_custom_msgs', 'cmake_prefix_path')
[0.978s] INFO:colcon.colcon_core.shell:Creating environment hook '/home/dvij/multi-car-racing/ros2_ws/install/my_custom_msgs/share/my_custom_msgs/hook/cmake_prefix_path.ps1'
[0.979s] INFO:colcon.colcon_core.shell:Creating environment descriptor '/home/dvij/multi-car-racing/ros2_ws/install/my_custom_msgs/share/my_custom_msgs/hook/cmake_prefix_path.dsv'
[0.979s] INFO:colcon.colcon_core.shell:Creating environment hook '/home/dvij/multi-car-racing/ros2_ws/install/my_custom_msgs/share/my_custom_msgs/hook/cmake_prefix_path.sh'
[0.979s] Level 1:colcon.colcon_core.environment:checking '/home/dvij/multi-car-racing/ros2_ws/install/my_custom_msgs/lib'
[0.979s] Level 1:colcon.colcon_core.shell:create_environment_hook('my_custom_msgs', 'ld_library_path_lib')
[0.980s] INFO:colcon.colcon_core.shell:Creating environment hook '/home/dvij/multi-car-racing/ros2_ws/install/my_custom_msgs/share/my_custom_msgs/hook/ld_library_path_lib.ps1'
[0.980s] INFO:colcon.colcon_core.shell:Creating environment descriptor '/home/dvij/multi-car-racing/ros2_ws/install/my_custom_msgs/share/my_custom_msgs/hook/ld_library_path_lib.dsv'
[0.980s] INFO:colcon.colcon_core.shell:Creating environment hook '/home/dvij/multi-car-racing/ros2_ws/install/my_custom_msgs/share/my_custom_msgs/hook/ld_library_path_lib.sh'
[0.980s] Level 1:colcon.colcon_core.environment:checking '/home/dvij/multi-car-racing/ros2_ws/install/my_custom_msgs/bin'
[0.981s] Level 1:colcon.colcon_core.environment:checking '/home/dvij/multi-car-racing/ros2_ws/install/my_custom_msgs/lib/pkgconfig/my_custom_msgs.pc'
[0.981s] Level 1:colcon.colcon_core.environment:checking '/home/dvij/multi-car-racing/ros2_ws/install/my_custom_msgs/lib/python3.10/site-packages'
[0.981s] Level 1:colcon.colcon_core.environment:checking '/home/dvij/multi-car-racing/ros2_ws/install/my_custom_msgs/bin'
[0.981s] INFO:colcon.colcon_core.shell:Creating package script '/home/dvij/multi-car-racing/ros2_ws/install/my_custom_msgs/share/my_custom_msgs/package.ps1'
[0.982s] INFO:colcon.colcon_core.shell:Creating package descriptor '/home/dvij/multi-car-racing/ros2_ws/install/my_custom_msgs/share/my_custom_msgs/package.dsv'
[0.982s] INFO:colcon.colcon_core.shell:Creating package script '/home/dvij/multi-car-racing/ros2_ws/install/my_custom_msgs/share/my_custom_msgs/package.sh'
[0.982s] INFO:colcon.colcon_core.shell:Creating package script '/home/dvij/multi-car-racing/ros2_ws/install/my_custom_msgs/share/my_custom_msgs/package.bash'
[0.983s] INFO:colcon.colcon_core.shell:Creating package script '/home/dvij/multi-car-racing/ros2_ws/install/my_custom_msgs/share/my_custom_msgs/package.zsh'
[0.983s] Level 1:colcon.colcon_core.environment:create_file_with_runtime_dependencies(/home/dvij/multi-car-racing/ros2_ws/install/my_custom_msgs/share/colcon-core/packages/my_custom_msgs)
[0.983s] DEBUG:colcon.colcon_parallel_executor.executor.parallel:closing loop
[0.984s] DEBUG:colcon.colcon_parallel_executor.executor.parallel:loop closed
[0.984s] DEBUG:colcon.colcon_parallel_executor.executor.parallel:run_until_complete finished with '0'
[0.984s] DEBUG:colcon.colcon_core.event_reactor:joining thread
[0.992s] INFO:colcon.colcon_core.plugin_system:Skipping extension 'colcon_notification.desktop_notification.terminal_notifier': Not used on non-Darwin systems
[0.992s] INFO:colcon.colcon_core.plugin_system:Skipping extension 'colcon_notification.desktop_notification.win32': Not used on non-Windows systems
[0.992s] INFO:colcon.colcon_notification.desktop_notification:Sending desktop notification using 'notify2'
[0.993s] DEBUG:colcon.colcon_notification.desktop_notification.notify2:Failed to initialize notify2: org.freedesktop.DBus.Error.ServiceUnknown: The name org.freedesktop.Notifications was not provided by any .service files
[0.993s] DEBUG:colcon.colcon_core.event_reactor:joined thread
[0.994s] INFO:colcon.colcon_core.shell:Creating prefix script '/home/dvij/multi-car-racing/ros2_ws/install/local_setup.ps1'
[0.995s] INFO:colcon.colcon_core.shell:Creating prefix util module '/home/dvij/multi-car-racing/ros2_ws/install/_local_setup_util_ps1.py'
[0.996s] INFO:colcon.colcon_core.shell:Creating prefix chain script '/home/dvij/multi-car-racing/ros2_ws/install/setup.ps1'
[0.997s] INFO:colcon.colcon_core.shell:Creating prefix script '/home/dvij/multi-car-racing/ros2_ws/install/local_setup.sh'
[0.997s] INFO:colcon.colcon_core.shell:Creating prefix util module '/home/dvij/multi-car-racing/ros2_ws/install/_local_setup_util_sh.py'
[0.998s] INFO:colcon.colcon_core.shell:Creating prefix chain script '/home/dvij/multi-car-racing/ros2_ws/install/setup.sh'
[0.999s] INFO:colcon.colcon_core.shell:Creating prefix script '/home/dvij/multi-car-racing/ros2_ws/install/local_setup.bash'
[0.999s] INFO:colcon.colcon_core.shell:Creating prefix chain script '/home/dvij/multi-car-racing/ros2_ws/install/setup.bash'
[1.000s] INFO:colcon.colcon_core.shell:Creating prefix script '/home/dvij/multi-car-racing/ros2_ws/install/local_setup.zsh'
[1.000s] INFO:colcon.colcon_core.shell:Creating prefix chain script '/home/dvij/multi-car-racing/ros2_ws/install/setup.zsh'
