[0.132s] DEBUG:colcon:Command line arguments: ['/usr/bin/colcon', 'build']
[0.132s] DEBUG:colcon:Parsed command line arguments: Namespace(allow_overriding=[], ament_cmake_args=None, base_paths=['.'], build_base='build', catkin_cmake_args=None, catkin_skip_building_tests=False, cmake_args=None, cmake_clean_cache=False, cmake_clean_first=False, cmake_force_configure=False, cmake_target=None, cmake_target_skip_unavailable=False, continue_on_error=False, event_handlers=None, executor='parallel', ignore_user_meta=False, install_base='install', log_base=None, log_level=None, main=<bound method BuildVerb.main of <colcon_core.verb.build.BuildVerb object at 0x7f8dec192550>>, merge_install=False, metas=['./colcon.meta'], mixin=None, mixin_files=None, mixin_verb=('build',), packages_above=None, packages_above_and_dependencies=None, packages_above_depth=None, packages_end=None, packages_ignore=None, packages_ignore_regex=None, packages_select=None, packages_select_build_failed=False, packages_select_by_dep=None, packages_select_regex=None, packages_select_test_failures=False, packages_skip=None, packages_skip_build_finished=False, packages_skip_by_dep=None, packages_skip_regex=None, packages_skip_test_passed=False, packages_skip_up_to=None, packages_start=None, packages_up_to=None, packages_up_to_regex=None, parallel_workers=20, paths=None, symlink_install=False, test_result_base=None, verb_extension=<colcon_core.verb.build.BuildVerb object at 0x7f8dec192550>, verb_name='build', verb_parser=<colcon_mixin.mixin.mixin_argument.MixinArgumentDecorator object at 0x7f8dec192c70>)
[0.251s] Level 1:colcon.colcon_core.package_discovery:discover_packages(colcon_meta) check parameters
[0.251s] Level 1:colcon.colcon_core.package_discovery:discover_packages(recursive) check parameters
[0.251s] Level 1:colcon.colcon_core.package_discovery:discover_packages(ignore) check parameters
[0.251s] Level 1:colcon.colcon_core.package_discovery:discover_packages(path) check parameters
[0.251s] Level 1:colcon.colcon_core.package_discovery:discover_packages(colcon_meta) discover
[0.251s] Level 1:colcon.colcon_core.package_discovery:discover_packages(recursive) discover
[0.251s] INFO:colcon.colcon_core.package_discovery:Crawling recursively for packages in '/home/dvij/multi-car-racing/ros2_ws'
[0.251s] Level 1:colcon.colcon_core.package_identification:_identify(.) by extensions ['ignore', 'ignore_ament_install']
[0.252s] Level 1:colcon.colcon_core.package_identification:_identify(.) by extension 'ignore'
[0.252s] Level 1:colcon.colcon_core.package_identification:_identify(.) by extension 'ignore_ament_install'
[0.252s] Level 1:colcon.colcon_core.package_identification:_identify(.) by extensions ['colcon_pkg']
[0.252s] Level 1:colcon.colcon_core.package_identification:_identify(.) by extension 'colcon_pkg'
[0.252s] Level 1:colcon.colcon_core.package_identification:_identify(.) by extensions ['colcon_meta']
[0.252s] Level 1:colcon.colcon_core.package_identification:_identify(.) by extension 'colcon_meta'
[0.252s] Level 1:colcon.colcon_core.package_identification:_identify(.) by extensions ['ros']
[0.252s] Level 1:colcon.colcon_core.package_identification:_identify(.) by extension 'ros'
[0.257s] Level 1:colcon.colcon_core.package_identification:_identify(.) by extensions ['cmake', 'python']
[0.257s] Level 1:colcon.colcon_core.package_identification:_identify(.) by extension 'cmake'
[0.257s] Level 1:colcon.colcon_core.package_identification:_identify(.) by extension 'python'
[0.257s] Level 1:colcon.colcon_core.package_identification:_identify(.) by extensions ['python_setup_py']
[0.257s] Level 1:colcon.colcon_core.package_identification:_identify(.) by extension 'python_setup_py'
[0.257s] Level 1:colcon.colcon_core.package_identification:_identify(build) by extensions ['ignore', 'ignore_ament_install']
[0.257s] Level 1:colcon.colcon_core.package_identification:_identify(build) by extension 'ignore'
[0.257s] Level 1:colcon.colcon_core.package_identification:_identify(build) ignored
[0.257s] Level 1:colcon.colcon_core.package_identification:_identify(install) by extensions ['ignore', 'ignore_ament_install']
[0.258s] Level 1:colcon.colcon_core.package_identification:_identify(install) by extension 'ignore'
[0.258s] Level 1:colcon.colcon_core.package_identification:_identify(install) ignored
[0.258s] Level 1:colcon.colcon_core.package_identification:_identify(log) by extensions ['ignore', 'ignore_ament_install']
[0.258s] Level 1:colcon.colcon_core.package_identification:_identify(log) by extension 'ignore'
[0.258s] Level 1:colcon.colcon_core.package_identification:_identify(log) ignored
[0.258s] Level 1:colcon.colcon_core.package_identification:_identify(my_custom_msgs) by extensions ['ignore', 'ignore_ament_install']
[0.258s] Level 1:colcon.colcon_core.package_identification:_identify(my_custom_msgs) by extension 'ignore'
[0.258s] Level 1:colcon.colcon_core.package_identification:_identify(my_custom_msgs) by extension 'ignore_ament_install'
[0.258s] Level 1:colcon.colcon_core.package_identification:_identify(my_custom_msgs) by extensions ['colcon_pkg']
[0.258s] Level 1:colcon.colcon_core.package_identification:_identify(my_custom_msgs) by extension 'colcon_pkg'
[0.258s] Level 1:colcon.colcon_core.package_identification:_identify(my_custom_msgs) by extensions ['colcon_meta']
[0.258s] Level 1:colcon.colcon_core.package_identification:_identify(my_custom_msgs) by extension 'colcon_meta'
[0.258s] Level 1:colcon.colcon_core.package_identification:_identify(my_custom_msgs) by extensions ['ros']
[0.258s] Level 1:colcon.colcon_core.package_identification:_identify(my_custom_msgs) by extension 'ros'
[0.258s] Level 1:colcon.colcon_core.package_identification:_identify(my_custom_msgs) by extensions ['cmake', 'python']
[0.258s] Level 1:colcon.colcon_core.package_identification:_identify(my_custom_msgs) by extension 'cmake'
[0.258s] Level 1:colcon.colcon_core.package_identification:_identify(my_custom_msgs) by extension 'python'
[0.258s] Level 1:colcon.colcon_core.package_identification:_identify(my_custom_msgs) by extensions ['python_setup_py']
[0.258s] Level 1:colcon.colcon_core.package_identification:_identify(my_custom_msgs) by extension 'python_setup_py'
[0.258s] Level 1:colcon.colcon_core.package_identification:_identify(my_custom_msgs/include) by extensions ['ignore', 'ignore_ament_install']
[0.258s] Level 1:colcon.colcon_core.package_identification:_identify(my_custom_msgs/include) by extension 'ignore'
[0.258s] Level 1:colcon.colcon_core.package_identification:_identify(my_custom_msgs/include) by extension 'ignore_ament_install'
[0.258s] Level 1:colcon.colcon_core.package_identification:_identify(my_custom_msgs/include) by extensions ['colcon_pkg']
[0.258s] Level 1:colcon.colcon_core.package_identification:_identify(my_custom_msgs/include) by extension 'colcon_pkg'
[0.258s] Level 1:colcon.colcon_core.package_identification:_identify(my_custom_msgs/include) by extensions ['colcon_meta']
[0.258s] Level 1:colcon.colcon_core.package_identification:_identify(my_custom_msgs/include) by extension 'colcon_meta'
[0.258s] Level 1:colcon.colcon_core.package_identification:_identify(my_custom_msgs/include) by extensions ['ros']
[0.258s] Level 1:colcon.colcon_core.package_identification:_identify(my_custom_msgs/include) by extension 'ros'
[0.258s] Level 1:colcon.colcon_core.package_identification:_identify(my_custom_msgs/include) by extensions ['cmake', 'python']
[0.258s] Level 1:colcon.colcon_core.package_identification:_identify(my_custom_msgs/include) by extension 'cmake'
[0.258s] Level 1:colcon.colcon_core.package_identification:_identify(my_custom_msgs/include) by extension 'python'
[0.258s] Level 1:colcon.colcon_core.package_identification:_identify(my_custom_msgs/include) by extensions ['python_setup_py']
[0.258s] Level 1:colcon.colcon_core.package_identification:_identify(my_custom_msgs/include) by extension 'python_setup_py'
[0.258s] Level 1:colcon.colcon_core.package_identification:_identify(my_custom_msgs/include/my_custom_msgs) by extensions ['ignore', 'ignore_ament_install']
[0.258s] Level 1:colcon.colcon_core.package_identification:_identify(my_custom_msgs/include/my_custom_msgs) by extension 'ignore'
[0.258s] Level 1:colcon.colcon_core.package_identification:_identify(my_custom_msgs/include/my_custom_msgs) by extension 'ignore_ament_install'
[0.258s] Level 1:colcon.colcon_core.package_identification:_identify(my_custom_msgs/include/my_custom_msgs) by extensions ['colcon_pkg']
[0.258s] Level 1:colcon.colcon_core.package_identification:_identify(my_custom_msgs/include/my_custom_msgs) by extension 'colcon_pkg'
[0.258s] Level 1:colcon.colcon_core.package_identification:_identify(my_custom_msgs/include/my_custom_msgs) by extensions ['colcon_meta']
[0.258s] Level 1:colcon.colcon_core.package_identification:_identify(my_custom_msgs/include/my_custom_msgs) by extension 'colcon_meta'
[0.259s] Level 1:colcon.colcon_core.package_identification:_identify(my_custom_msgs/include/my_custom_msgs) by extensions ['ros']
[0.259s] Level 1:colcon.colcon_core.package_identification:_identify(my_custom_msgs/include/my_custom_msgs) by extension 'ros'
[0.259s] Level 1:colcon.colcon_core.package_identification:_identify(my_custom_msgs/include/my_custom_msgs) by extensions ['cmake', 'python']
[0.259s] Level 1:colcon.colcon_core.package_identification:_identify(my_custom_msgs/include/my_custom_msgs) by extension 'cmake'
[0.259s] Level 1:colcon.colcon_core.package_identification:_identify(my_custom_msgs/include/my_custom_msgs) by extension 'python'
[0.259s] Level 1:colcon.colcon_core.package_identification:_identify(my_custom_msgs/include/my_custom_msgs) by extensions ['python_setup_py']
[0.259s] Level 1:colcon.colcon_core.package_identification:_identify(my_custom_msgs/include/my_custom_msgs) by extension 'python_setup_py'
[0.259s] Level 1:colcon.colcon_core.package_identification:_identify(my_custom_msgs/src) by extensions ['ignore', 'ignore_ament_install']
[0.259s] Level 1:colcon.colcon_core.package_identification:_identify(my_custom_msgs/src) by extension 'ignore'
[0.259s] Level 1:colcon.colcon_core.package_identification:_identify(my_custom_msgs/src) by extension 'ignore_ament_install'
[0.259s] Level 1:colcon.colcon_core.package_identification:_identify(my_custom_msgs/src) by extensions ['colcon_pkg']
[0.259s] Level 1:colcon.colcon_core.package_identification:_identify(my_custom_msgs/src) by extension 'colcon_pkg'
[0.259s] Level 1:colcon.colcon_core.package_identification:_identify(my_custom_msgs/src) by extensions ['colcon_meta']
[0.259s] Level 1:colcon.colcon_core.package_identification:_identify(my_custom_msgs/src) by extension 'colcon_meta'
[0.259s] Level 1:colcon.colcon_core.package_identification:_identify(my_custom_msgs/src) by extensions ['ros']
[0.259s] Level 1:colcon.colcon_core.package_identification:_identify(my_custom_msgs/src) by extension 'ros'
[0.259s] Level 1:colcon.colcon_core.package_identification:_identify(my_custom_msgs/src) by extensions ['cmake', 'python']
[0.259s] Level 1:colcon.colcon_core.package_identification:_identify(my_custom_msgs/src) by extension 'cmake'
[0.259s] Level 1:colcon.colcon_core.package_identification:_identify(my_custom_msgs/src) by extension 'python'
[0.259s] Level 1:colcon.colcon_core.package_identification:_identify(my_custom_msgs/src) by extensions ['python_setup_py']
[0.259s] Level 1:colcon.colcon_core.package_identification:_identify(my_custom_msgs/src) by extension 'python_setup_py'
[0.259s] Level 1:colcon.colcon_core.package_identification:_identify(src) by extensions ['ignore', 'ignore_ament_install']
[0.259s] Level 1:colcon.colcon_core.package_identification:_identify(src) by extension 'ignore'
[0.259s] Level 1:colcon.colcon_core.package_identification:_identify(src) by extension 'ignore_ament_install'
[0.259s] Level 1:colcon.colcon_core.package_identification:_identify(src) by extensions ['colcon_pkg']
[0.259s] Level 1:colcon.colcon_core.package_identification:_identify(src) by extension 'colcon_pkg'
[0.259s] Level 1:colcon.colcon_core.package_identification:_identify(src) by extensions ['colcon_meta']
[0.259s] Level 1:colcon.colcon_core.package_identification:_identify(src) by extension 'colcon_meta'
[0.259s] Level 1:colcon.colcon_core.package_identification:_identify(src) by extensions ['ros']
[0.259s] Level 1:colcon.colcon_core.package_identification:_identify(src) by extension 'ros'
[0.259s] Level 1:colcon.colcon_core.package_identification:_identify(src) by extensions ['cmake', 'python']
[0.259s] Level 1:colcon.colcon_core.package_identification:_identify(src) by extension 'cmake'
[0.259s] Level 1:colcon.colcon_core.package_identification:_identify(src) by extension 'python'
[0.259s] Level 1:colcon.colcon_core.package_identification:_identify(src) by extensions ['python_setup_py']
[0.259s] Level 1:colcon.colcon_core.package_identification:_identify(src) by extension 'python_setup_py'
[0.259s] Level 1:colcon.colcon_core.package_identification:_identify(src/my_custom_msgs) by extensions ['ignore', 'ignore_ament_install']
[0.259s] Level 1:colcon.colcon_core.package_identification:_identify(src/my_custom_msgs) by extension 'ignore'
[0.259s] Level 1:colcon.colcon_core.package_identification:_identify(src/my_custom_msgs) by extension 'ignore_ament_install'
[0.259s] Level 1:colcon.colcon_core.package_identification:_identify(src/my_custom_msgs) by extensions ['colcon_pkg']
[0.259s] Level 1:colcon.colcon_core.package_identification:_identify(src/my_custom_msgs) by extension 'colcon_pkg'
[0.259s] Level 1:colcon.colcon_core.package_identification:_identify(src/my_custom_msgs) by extensions ['colcon_meta']
[0.259s] Level 1:colcon.colcon_core.package_identification:_identify(src/my_custom_msgs) by extension 'colcon_meta'
[0.259s] Level 1:colcon.colcon_core.package_identification:_identify(src/my_custom_msgs) by extensions ['ros']
[0.259s] Level 1:colcon.colcon_core.package_identification:_identify(src/my_custom_msgs) by extension 'ros'
[0.261s] DEBUG:colcon.colcon_core.package_identification:Package 'src/my_custom_msgs' with type 'ros.ament_cmake' and name 'my_custom_msgs'
[0.261s] Level 1:colcon.colcon_core.package_identification:_identify(src/my_robot_description) by extensions ['ignore', 'ignore_ament_install']
[0.261s] Level 1:colcon.colcon_core.package_identification:_identify(src/my_robot_description) by extension 'ignore'
[0.261s] Level 1:colcon.colcon_core.package_identification:_identify(src/my_robot_description) by extension 'ignore_ament_install'
[0.261s] Level 1:colcon.colcon_core.package_identification:_identify(src/my_robot_description) by extensions ['colcon_pkg']
[0.261s] Level 1:colcon.colcon_core.package_identification:_identify(src/my_robot_description) by extension 'colcon_pkg'
[0.261s] Level 1:colcon.colcon_core.package_identification:_identify(src/my_robot_description) by extensions ['colcon_meta']
[0.261s] Level 1:colcon.colcon_core.package_identification:_identify(src/my_robot_description) by extension 'colcon_meta'
[0.261s] Level 1:colcon.colcon_core.package_identification:_identify(src/my_robot_description) by extensions ['ros']
[0.261s] Level 1:colcon.colcon_core.package_identification:_identify(src/my_robot_description) by extension 'ros'
[0.261s] DEBUG:colcon.colcon_core.package_identification:Package 'src/my_robot_description' with type 'ros.ament_cmake' and name 'my_robot_description'
[0.261s] Level 1:colcon.colcon_core.package_discovery:discover_packages(recursive) using defaults
[0.261s] Level 1:colcon.colcon_core.package_discovery:discover_packages(ignore) discover
[0.261s] Level 1:colcon.colcon_core.package_discovery:discover_packages(ignore) using defaults
[0.261s] Level 1:colcon.colcon_core.package_discovery:discover_packages(path) discover
[0.261s] Level 1:colcon.colcon_core.package_discovery:discover_packages(path) using defaults
[0.271s] Level 1:colcon.colcon_core.package_discovery:discover_packages(prefix_path) check parameters
[0.271s] Level 1:colcon.colcon_core.package_discovery:discover_packages(prefix_path) discover
[0.272s] DEBUG:colcon.colcon_installed_package_information.package_discovery:Found 2 installed packages in /home/dvij/multi-car-racing/ros2_ws/install
[0.273s] DEBUG:colcon.colcon_installed_package_information.package_discovery:Found 297 installed packages in /opt/ros/foxy
[0.274s] Level 1:colcon.colcon_core.package_discovery:discover_packages(prefix_path) using defaults
[0.301s] Level 5:colcon.colcon_core.verb:set package 'my_custom_msgs' build argument 'cmake_args' from command line to 'None'
[0.301s] Level 5:colcon.colcon_core.verb:set package 'my_custom_msgs' build argument 'cmake_target' from command line to 'None'
[0.301s] Level 5:colcon.colcon_core.verb:set package 'my_custom_msgs' build argument 'cmake_target_skip_unavailable' from command line to 'False'
[0.301s] Level 5:colcon.colcon_core.verb:set package 'my_custom_msgs' build argument 'cmake_clean_cache' from command line to 'False'
[0.301s] Level 5:colcon.colcon_core.verb:set package 'my_custom_msgs' build argument 'cmake_clean_first' from command line to 'False'
[0.301s] Level 5:colcon.colcon_core.verb:set package 'my_custom_msgs' build argument 'cmake_force_configure' from command line to 'False'
[0.301s] Level 5:colcon.colcon_core.verb:set package 'my_custom_msgs' build argument 'ament_cmake_args' from command line to 'None'
[0.301s] Level 5:colcon.colcon_core.verb:set package 'my_custom_msgs' build argument 'catkin_cmake_args' from command line to 'None'
[0.301s] Level 5:colcon.colcon_core.verb:set package 'my_custom_msgs' build argument 'catkin_skip_building_tests' from command line to 'False'
[0.301s] DEBUG:colcon.colcon_core.verb:Building package 'my_custom_msgs' with the following arguments: {'ament_cmake_args': None, 'build_base': '/home/dvij/multi-car-racing/ros2_ws/build/my_custom_msgs', 'catkin_cmake_args': None, 'catkin_skip_building_tests': False, 'cmake_args': None, 'cmake_clean_cache': False, 'cmake_clean_first': False, 'cmake_force_configure': False, 'cmake_target': None, 'cmake_target_skip_unavailable': False, 'install_base': '/home/dvij/multi-car-racing/ros2_ws/install/my_custom_msgs', 'merge_install': False, 'path': '/home/dvij/multi-car-racing/ros2_ws/src/my_custom_msgs', 'symlink_install': False, 'test_result_base': None}
[0.301s] Level 5:colcon.colcon_core.verb:set package 'my_robot_description' build argument 'cmake_args' from command line to 'None'
[0.301s] Level 5:colcon.colcon_core.verb:set package 'my_robot_description' build argument 'cmake_target' from command line to 'None'
[0.301s] Level 5:colcon.colcon_core.verb:set package 'my_robot_description' build argument 'cmake_target_skip_unavailable' from command line to 'False'
[0.301s] Level 5:colcon.colcon_core.verb:set package 'my_robot_description' build argument 'cmake_clean_cache' from command line to 'False'
[0.301s] Level 5:colcon.colcon_core.verb:set package 'my_robot_description' build argument 'cmake_clean_first' from command line to 'False'
[0.301s] Level 5:colcon.colcon_core.verb:set package 'my_robot_description' build argument 'cmake_force_configure' from command line to 'False'
[0.301s] Level 5:colcon.colcon_core.verb:set package 'my_robot_description' build argument 'ament_cmake_args' from command line to 'None'
[0.301s] Level 5:colcon.colcon_core.verb:set package 'my_robot_description' build argument 'catkin_cmake_args' from command line to 'None'
[0.301s] Level 5:colcon.colcon_core.verb:set package 'my_robot_description' build argument 'catkin_skip_building_tests' from command line to 'False'
[0.301s] DEBUG:colcon.colcon_core.verb:Building package 'my_robot_description' with the following arguments: {'ament_cmake_args': None, 'build_base': '/home/dvij/multi-car-racing/ros2_ws/build/my_robot_description', 'catkin_cmake_args': None, 'catkin_skip_building_tests': False, 'cmake_args': None, 'cmake_clean_cache': False, 'cmake_clean_first': False, 'cmake_force_configure': False, 'cmake_target': None, 'cmake_target_skip_unavailable': False, 'install_base': '/home/dvij/multi-car-racing/ros2_ws/install/my_robot_description', 'merge_install': False, 'path': '/home/dvij/multi-car-racing/ros2_ws/src/my_robot_description', 'symlink_install': False, 'test_result_base': None}
[0.301s] INFO:colcon.colcon_core.executor:Executing jobs using 'parallel' executor
[0.302s] DEBUG:colcon.colcon_parallel_executor.executor.parallel:run_until_complete
[0.302s] INFO:colcon.colcon_ros.task.ament_cmake.build:Building ROS package in '/home/dvij/multi-car-racing/ros2_ws/src/my_custom_msgs' with build type 'ament_cmake'
[0.302s] INFO:colcon.colcon_cmake.task.cmake.build:Building CMake package in '/home/dvij/multi-car-racing/ros2_ws/src/my_custom_msgs'
[0.303s] INFO:colcon.colcon_core.plugin_system:Skipping extension 'colcon_core.shell.bat': Not used on non-Windows systems
[0.303s] INFO:colcon.colcon_core.shell:Skip shell extension 'powershell' for command environment: Not usable outside of PowerShell
[0.303s] DEBUG:colcon.colcon_core.shell:Skip shell extension 'dsv' for command environment
[0.306s] INFO:colcon.colcon_ros.task.ament_cmake.build:Building ROS package in '/home/dvij/multi-car-racing/ros2_ws/src/my_robot_description' with build type 'ament_cmake'
[0.306s] INFO:colcon.colcon_cmake.task.cmake.build:Building CMake package in '/home/dvij/multi-car-racing/ros2_ws/src/my_robot_description'
[0.306s] INFO:colcon.colcon_core.shell:Skip shell extension 'powershell' for command environment: Not usable outside of PowerShell
[0.306s] DEBUG:colcon.colcon_core.shell:Skip shell extension 'dsv' for command environment
[0.311s] DEBUG:colcon.colcon_core.event_handler.log_command:Invoking command in '/home/dvij/multi-car-racing/ros2_ws/build/my_custom_msgs': CMAKE_PREFIX_PATH=/opt/ros/foxy:${CMAKE_PREFIX_PATH} /usr/local/bin/cmake --build /home/dvij/multi-car-racing/ros2_ws/build/my_custom_msgs -- -j20 -l20
[0.315s] DEBUG:colcon.colcon_core.event_handler.log_command:Invoking command in '/home/dvij/multi-car-racing/ros2_ws/build/my_robot_description': CMAKE_PREFIX_PATH=/opt/ros/foxy:${CMAKE_PREFIX_PATH} /usr/local/bin/cmake --build /home/dvij/multi-car-racing/ros2_ws/build/my_robot_description -- -j20 -l20
[0.317s] DEBUG:colcon.colcon_core.event_handler.log_command:Invoked command in '/home/dvij/multi-car-racing/ros2_ws/build/my_custom_msgs' returned '1': CMAKE_PREFIX_PATH=/opt/ros/foxy:${CMAKE_PREFIX_PATH} /usr/local/bin/cmake --build /home/dvij/multi-car-racing/ros2_ws/build/my_custom_msgs -- -j20 -l20
[0.319s] DEBUG:colcon.colcon_core.event_handler.log_command:Invoked command in '/home/dvij/multi-car-racing/ros2_ws/build/my_robot_description' returned '1': CMAKE_PREFIX_PATH=/opt/ros/foxy:${CMAKE_PREFIX_PATH} /usr/local/bin/cmake --build /home/dvij/multi-car-racing/ros2_ws/build/my_robot_description -- -j20 -l20
[0.320s] Level 1:colcon.colcon_core.environment:create_environment_scripts_only(my_custom_msgs)
[0.322s] Level 1:colcon.colcon_core.environment:checking '/home/dvij/multi-car-racing/ros2_ws/install/my_custom_msgs' for CMake module files
[0.322s] Level 1:colcon.colcon_core.environment:checking '/home/dvij/multi-car-racing/ros2_ws/install/my_custom_msgs' for CMake config files
[0.322s] Level 1:colcon.colcon_core.shell:create_environment_hook('my_custom_msgs', 'cmake_prefix_path')
[0.322s] INFO:colcon.colcon_core.shell:Creating environment hook '/home/dvij/multi-car-racing/ros2_ws/install/my_custom_msgs/share/my_custom_msgs/hook/cmake_prefix_path.ps1'
[0.323s] INFO:colcon.colcon_core.shell:Creating environment descriptor '/home/dvij/multi-car-racing/ros2_ws/install/my_custom_msgs/share/my_custom_msgs/hook/cmake_prefix_path.dsv'
[0.323s] INFO:colcon.colcon_core.shell:Creating environment hook '/home/dvij/multi-car-racing/ros2_ws/install/my_custom_msgs/share/my_custom_msgs/hook/cmake_prefix_path.sh'
[0.324s] Level 1:colcon.colcon_core.environment:checking '/home/dvij/multi-car-racing/ros2_ws/install/my_custom_msgs/lib'
[0.324s] Level 1:colcon.colcon_core.shell:create_environment_hook('my_custom_msgs', 'ld_library_path_lib')
[0.324s] INFO:colcon.colcon_core.shell:Creating environment hook '/home/dvij/multi-car-racing/ros2_ws/install/my_custom_msgs/share/my_custom_msgs/hook/ld_library_path_lib.ps1'
[0.324s] INFO:colcon.colcon_core.shell:Creating environment descriptor '/home/dvij/multi-car-racing/ros2_ws/install/my_custom_msgs/share/my_custom_msgs/hook/ld_library_path_lib.dsv'
[0.324s] INFO:colcon.colcon_core.shell:Creating environment hook '/home/dvij/multi-car-racing/ros2_ws/install/my_custom_msgs/share/my_custom_msgs/hook/ld_library_path_lib.sh'
[0.324s] Level 1:colcon.colcon_core.environment:checking '/home/dvij/multi-car-racing/ros2_ws/install/my_custom_msgs/bin'
[0.324s] Level 1:colcon.colcon_core.environment:checking '/home/dvij/multi-car-racing/ros2_ws/install/my_custom_msgs/lib/pkgconfig/my_custom_msgs.pc'
[0.324s] Level 1:colcon.colcon_core.environment:checking '/home/dvij/multi-car-racing/ros2_ws/install/my_custom_msgs/lib/python3.8/site-packages'
[0.325s] Level 1:colcon.colcon_core.environment:checking '/home/dvij/multi-car-racing/ros2_ws/install/my_custom_msgs/bin'
[0.325s] INFO:colcon.colcon_core.shell:Creating package script '/home/dvij/multi-car-racing/ros2_ws/install/my_custom_msgs/share/my_custom_msgs/package.ps1'
[0.325s] INFO:colcon.colcon_core.shell:Creating package descriptor '/home/dvij/multi-car-racing/ros2_ws/install/my_custom_msgs/share/my_custom_msgs/package.dsv'
[0.325s] INFO:colcon.colcon_core.shell:Creating package script '/home/dvij/multi-car-racing/ros2_ws/install/my_custom_msgs/share/my_custom_msgs/package.sh'
[0.326s] INFO:colcon.colcon_core.shell:Creating package script '/home/dvij/multi-car-racing/ros2_ws/install/my_custom_msgs/share/my_custom_msgs/package.bash'
[0.326s] INFO:colcon.colcon_core.shell:Creating package script '/home/dvij/multi-car-racing/ros2_ws/install/my_custom_msgs/share/my_custom_msgs/package.zsh'
[0.326s] Level 1:colcon.colcon_core.environment:create_file_with_runtime_dependencies(/home/dvij/multi-car-racing/ros2_ws/install/my_custom_msgs/share/colcon-core/packages/my_custom_msgs)
[0.337s] DEBUG:colcon.colcon_parallel_executor.executor.parallel:closing loop
[0.337s] DEBUG:colcon.colcon_parallel_executor.executor.parallel:loop closed
[0.337s] DEBUG:colcon.colcon_parallel_executor.executor.parallel:run_until_complete finished with '1'
[0.337s] DEBUG:colcon.colcon_core.event_reactor:joining thread
[0.340s] INFO:colcon.colcon_core.plugin_system:Skipping extension 'colcon_notification.desktop_notification.terminal_notifier': Not used on non-Darwin systems
[0.340s] INFO:colcon.colcon_core.plugin_system:Skipping extension 'colcon_notification.desktop_notification.win32': Not used on non-Windows systems
[0.341s] INFO:colcon.colcon_notification.desktop_notification:Sending desktop notification using 'notify2'
[0.348s] DEBUG:colcon.colcon_core.event_reactor:joined thread
[0.348s] INFO:colcon.colcon_core.shell:Creating prefix script '/home/dvij/multi-car-racing/ros2_ws/install/local_setup.ps1'
[0.349s] INFO:colcon.colcon_core.shell:Creating prefix util module '/home/dvij/multi-car-racing/ros2_ws/install/_local_setup_util_ps1.py'
[0.350s] INFO:colcon.colcon_core.shell:Creating prefix chain script '/home/dvij/multi-car-racing/ros2_ws/install/setup.ps1'
[0.350s] INFO:colcon.colcon_core.shell:Creating prefix script '/home/dvij/multi-car-racing/ros2_ws/install/local_setup.sh'
[0.351s] INFO:colcon.colcon_core.shell:Creating prefix util module '/home/dvij/multi-car-racing/ros2_ws/install/_local_setup_util_sh.py'
[0.351s] INFO:colcon.colcon_core.shell:Creating prefix chain script '/home/dvij/multi-car-racing/ros2_ws/install/setup.sh'
[0.352s] INFO:colcon.colcon_core.shell:Creating prefix script '/home/dvij/multi-car-racing/ros2_ws/install/local_setup.bash'
[0.352s] INFO:colcon.colcon_core.shell:Creating prefix chain script '/home/dvij/multi-car-racing/ros2_ws/install/setup.bash'
[0.353s] INFO:colcon.colcon_core.shell:Creating prefix script '/home/dvij/multi-car-racing/ros2_ws/install/local_setup.zsh'
[0.354s] INFO:colcon.colcon_core.shell:Creating prefix chain script '/home/dvij/multi-car-racing/ros2_ws/install/setup.zsh'
