[0.013s] Invoking command in '/home/dvij/multi-car-racing/ros2_ws/build/my_custom_msgs': CMAKE_PREFIX_PATH=/opt/ros/humble:${CMAKE_PREFIX_PATH} /usr/bin/cmake --build /home/dvij/multi-car-racing/ros2_ws/build/my_custom_msgs -- -j48 -l48
[0.062s] [35m[1mConsolidate compiler generated dependencies of target my_custom_msgs__rosidl_generator_c[0m
[0.074s] [  3%] Built target my_custom_msgs__cpp
[0.077s] [ 12%] Built target my_custom_msgs__rosidl_generator_c
[0.086s] [35m[1mConsolidate compiler generated dependencies of target my_custom_msgs__rosidl_typesupport_cpp[0m
[0.086s] [35m[1mConsolidate compiler generated dependencies of target my_custom_msgs__rosidl_typesupport_introspection_cpp[0m
[0.086s] [35m[1mConsolidate compiler generated dependencies of target my_custom_msgs__rosidl_typesupport_fastrtps_cpp[0m
[0.087s] [ 12%] Built target ament_cmake_python_copy_my_custom_msgs
[0.090s] [35m[1mConsolidate compiler generated dependencies of target my_custom_msgs__rosidl_typesupport_introspection_c[0m
[0.091s] [35m[1mConsolidate compiler generated dependencies of target my_custom_msgs__rosidl_typesupport_fastrtps_c[0m
[0.091s] [35m[1mConsolidate compiler generated dependencies of target my_custom_msgs__rosidl_typesupport_c[0m
[0.103s] [ 22%] Built target my_custom_msgs__rosidl_typesupport_cpp
[0.104s] [ 32%] Built target my_custom_msgs__rosidl_typesupport_c
[0.105s] [ 41%] Built target my_custom_msgs__rosidl_typesupport_fastrtps_cpp
[0.105s] [ 51%] Built target my_custom_msgs__rosidl_typesupport_introspection_cpp
[0.106s] [ 61%] Built target my_custom_msgs__rosidl_typesupport_introspection_c
[0.106s] [ 70%] Built target my_custom_msgs__rosidl_typesupport_fastrtps_c
[0.128s] [ 70%] Built target my_custom_msgs
[0.147s] [ 74%] Built target my_custom_msgs__py
[0.157s] [35m[1mConsolidate compiler generated dependencies of target my_custom_msgs__rosidl_generator_py[0m
[0.169s] [ 80%] Built target my_custom_msgs__rosidl_generator_py
[0.178s] [35m[1mConsolidate compiler generated dependencies of target my_custom_msgs__rosidl_typesupport_fastrtps_c__pyext[0m
[0.180s] [35m[1mConsolidate compiler generated dependencies of target my_custom_msgs__rosidl_typesupport_introspection_c__pyext[0m
[0.182s] [35m[1mConsolidate compiler generated dependencies of target my_custom_msgs__rosidl_typesupport_c__pyext[0m
[0.191s] [ 87%] Built target my_custom_msgs__rosidl_typesupport_fastrtps_c__pyext
[0.195s] [ 93%] Built target my_custom_msgs__rosidl_typesupport_introspection_c__pyext
[0.200s] [100%] Built target my_custom_msgs__rosidl_typesupport_c__pyext
[0.375s] running egg_info
[0.375s] writing my_custom_msgs.egg-info/PKG-INFO
[0.375s] writing dependency_links to my_custom_msgs.egg-info/dependency_links.txt
[0.375s] writing top-level names to my_custom_msgs.egg-info/top_level.txt
[0.377s] reading manifest file 'my_custom_msgs.egg-info/SOURCES.txt'
[0.377s] writing manifest file 'my_custom_msgs.egg-info/SOURCES.txt'
[0.403s] [100%] Built target ament_cmake_python_build_my_custom_msgs_egg
[0.417s] Invoked command in '/home/dvij/multi-car-racing/ros2_ws/build/my_custom_msgs' returned '0': CMAKE_PREFIX_PATH=/opt/ros/humble:${CMAKE_PREFIX_PATH} /usr/bin/cmake --build /home/dvij/multi-car-racing/ros2_ws/build/my_custom_msgs -- -j48 -l48
[0.470s] Invoking command in '/home/dvij/multi-car-racing/ros2_ws/build/my_custom_msgs': CMAKE_PREFIX_PATH=/opt/ros/humble:${CMAKE_PREFIX_PATH} /usr/bin/cmake --install /home/dvij/multi-car-racing/ros2_ws/build/my_custom_msgs
[0.478s] -- Install configuration: ""
[0.478s] -- Up-to-date: /home/dvij/multi-car-racing/ros2_ws/install/my_custom_msgs/share/ament_index/resource_index/rosidl_interfaces/my_custom_msgs
[0.478s] -- Up-to-date: /home/dvij/multi-car-racing/ros2_ws/install/my_custom_msgs/include/my_custom_msgs/my_custom_msgs
[0.478s] -- Up-to-date: /home/dvij/multi-car-racing/ros2_ws/install/my_custom_msgs/include/my_custom_msgs/my_custom_msgs/msg
[0.478s] -- Up-to-date: /home/dvij/multi-car-racing/ros2_ws/install/my_custom_msgs/include/my_custom_msgs/my_custom_msgs/msg/policy_params.h
[0.479s] -- Up-to-date: /home/dvij/multi-car-racing/ros2_ws/install/my_custom_msgs/include/my_custom_msgs/my_custom_msgs/msg/detail
[0.479s] -- Up-to-date: /home/dvij/multi-car-racing/ros2_ws/install/my_custom_msgs/include/my_custom_msgs/my_custom_msgs/msg/detail/policy_params__type_support.h
[0.479s] -- Up-to-date: /home/dvij/multi-car-racing/ros2_ws/install/my_custom_msgs/include/my_custom_msgs/my_custom_msgs/msg/detail/policy_params__functions.c
[0.479s] -- Up-to-date: /home/dvij/multi-car-racing/ros2_ws/install/my_custom_msgs/include/my_custom_msgs/my_custom_msgs/msg/detail/policy_params__functions.h
[0.479s] -- Up-to-date: /home/dvij/multi-car-racing/ros2_ws/install/my_custom_msgs/include/my_custom_msgs/my_custom_msgs/msg/detail/policy_params__struct.h
[0.479s] -- Up-to-date: /home/dvij/multi-car-racing/ros2_ws/install/my_custom_msgs/include/my_custom_msgs/my_custom_msgs/msg/rosidl_generator_c__visibility_control.h
[0.479s] -- Up-to-date: /home/dvij/multi-car-racing/ros2_ws/install/my_custom_msgs/share/my_custom_msgs/environment/library_path.sh
[0.480s] -- Up-to-date: /home/dvij/multi-car-racing/ros2_ws/install/my_custom_msgs/share/my_custom_msgs/environment/library_path.dsv
[0.480s] -- Up-to-date: /home/dvij/multi-car-racing/ros2_ws/install/my_custom_msgs/lib/libmy_custom_msgs__rosidl_generator_c.so
[0.480s] -- Up-to-date: /home/dvij/multi-car-racing/ros2_ws/install/my_custom_msgs/include/my_custom_msgs/my_custom_msgs
[0.480s] -- Up-to-date: /home/dvij/multi-car-racing/ros2_ws/install/my_custom_msgs/include/my_custom_msgs/my_custom_msgs/msg
[0.480s] -- Up-to-date: /home/dvij/multi-car-racing/ros2_ws/install/my_custom_msgs/include/my_custom_msgs/my_custom_msgs/msg/detail
[0.480s] -- Up-to-date: /home/dvij/multi-car-racing/ros2_ws/install/my_custom_msgs/include/my_custom_msgs/my_custom_msgs/msg/detail/policy_params__rosidl_typesupport_fastrtps_c.h
[0.480s] -- Up-to-date: /home/dvij/multi-car-racing/ros2_ws/install/my_custom_msgs/include/my_custom_msgs/my_custom_msgs/msg/rosidl_typesupport_fastrtps_c__visibility_control.h
[0.480s] -- Up-to-date: /home/dvij/multi-car-racing/ros2_ws/install/my_custom_msgs/lib/libmy_custom_msgs__rosidl_typesupport_fastrtps_c.so
[0.481s] -- Up-to-date: /home/dvij/multi-car-racing/ros2_ws/install/my_custom_msgs/include/my_custom_msgs/my_custom_msgs
[0.481s] -- Up-to-date: /home/dvij/multi-car-racing/ros2_ws/install/my_custom_msgs/include/my_custom_msgs/my_custom_msgs/msg
[0.481s] -- Up-to-date: /home/dvij/multi-car-racing/ros2_ws/install/my_custom_msgs/include/my_custom_msgs/my_custom_msgs/msg/detail
[0.481s] -- Up-to-date: /home/dvij/multi-car-racing/ros2_ws/install/my_custom_msgs/include/my_custom_msgs/my_custom_msgs/msg/detail/policy_params__struct.hpp
[0.481s] -- Up-to-date: /home/dvij/multi-car-racing/ros2_ws/install/my_custom_msgs/include/my_custom_msgs/my_custom_msgs/msg/detail/policy_params__traits.hpp
[0.481s] -- Up-to-date: /home/dvij/multi-car-racing/ros2_ws/install/my_custom_msgs/include/my_custom_msgs/my_custom_msgs/msg/detail/policy_params__builder.hpp
[0.481s] -- Up-to-date: /home/dvij/multi-car-racing/ros2_ws/install/my_custom_msgs/include/my_custom_msgs/my_custom_msgs/msg/policy_params.hpp
[0.481s] -- Up-to-date: /home/dvij/multi-car-racing/ros2_ws/install/my_custom_msgs/include/my_custom_msgs/my_custom_msgs
[0.482s] -- Up-to-date: /home/dvij/multi-car-racing/ros2_ws/install/my_custom_msgs/include/my_custom_msgs/my_custom_msgs/msg
[0.482s] -- Up-to-date: /home/dvij/multi-car-racing/ros2_ws/install/my_custom_msgs/include/my_custom_msgs/my_custom_msgs/msg/detail
[0.482s] -- Up-to-date: /home/dvij/multi-car-racing/ros2_ws/install/my_custom_msgs/include/my_custom_msgs/my_custom_msgs/msg/detail/dds_fastrtps
[0.482s] -- Up-to-date: /home/dvij/multi-car-racing/ros2_ws/install/my_custom_msgs/include/my_custom_msgs/my_custom_msgs/msg/detail/policy_params__rosidl_typesupport_fastrtps_cpp.hpp
[0.482s] -- Up-to-date: /home/dvij/multi-car-racing/ros2_ws/install/my_custom_msgs/include/my_custom_msgs/my_custom_msgs/msg/rosidl_typesupport_fastrtps_cpp__visibility_control.h
[0.482s] -- Up-to-date: /home/dvij/multi-car-racing/ros2_ws/install/my_custom_msgs/lib/libmy_custom_msgs__rosidl_typesupport_fastrtps_cpp.so
[0.482s] -- Up-to-date: /home/dvij/multi-car-racing/ros2_ws/install/my_custom_msgs/include/my_custom_msgs/my_custom_msgs
[0.482s] -- Up-to-date: /home/dvij/multi-car-racing/ros2_ws/install/my_custom_msgs/include/my_custom_msgs/my_custom_msgs/msg
[0.483s] -- Up-to-date: /home/dvij/multi-car-racing/ros2_ws/install/my_custom_msgs/include/my_custom_msgs/my_custom_msgs/msg/detail
[0.483s] -- Up-to-date: /home/dvij/multi-car-racing/ros2_ws/install/my_custom_msgs/include/my_custom_msgs/my_custom_msgs/msg/detail/policy_params__rosidl_typesupport_introspection_c.h
[0.483s] -- Up-to-date: /home/dvij/multi-car-racing/ros2_ws/install/my_custom_msgs/include/my_custom_msgs/my_custom_msgs/msg/detail/policy_params__type_support.c
[0.483s] -- Up-to-date: /home/dvij/multi-car-racing/ros2_ws/install/my_custom_msgs/include/my_custom_msgs/my_custom_msgs/msg/rosidl_typesupport_introspection_c__visibility_control.h
[0.483s] -- Up-to-date: /home/dvij/multi-car-racing/ros2_ws/install/my_custom_msgs/lib/libmy_custom_msgs__rosidl_typesupport_introspection_c.so
[0.483s] -- Up-to-date: /home/dvij/multi-car-racing/ros2_ws/install/my_custom_msgs/lib/libmy_custom_msgs__rosidl_typesupport_c.so
[0.483s] -- Up-to-date: /home/dvij/multi-car-racing/ros2_ws/install/my_custom_msgs/include/my_custom_msgs/my_custom_msgs
[0.483s] -- Up-to-date: /home/dvij/multi-car-racing/ros2_ws/install/my_custom_msgs/include/my_custom_msgs/my_custom_msgs/msg
[0.484s] -- Up-to-date: /home/dvij/multi-car-racing/ros2_ws/install/my_custom_msgs/include/my_custom_msgs/my_custom_msgs/msg/detail
[0.484s] -- Up-to-date: /home/dvij/multi-car-racing/ros2_ws/install/my_custom_msgs/include/my_custom_msgs/my_custom_msgs/msg/detail/policy_params__rosidl_typesupport_introspection_cpp.hpp
[0.484s] -- Up-to-date: /home/dvij/multi-car-racing/ros2_ws/install/my_custom_msgs/include/my_custom_msgs/my_custom_msgs/msg/detail/policy_params__type_support.cpp
[0.484s] -- Up-to-date: /home/dvij/multi-car-racing/ros2_ws/install/my_custom_msgs/lib/libmy_custom_msgs__rosidl_typesupport_introspection_cpp.so
[0.484s] -- Up-to-date: /home/dvij/multi-car-racing/ros2_ws/install/my_custom_msgs/lib/libmy_custom_msgs__rosidl_typesupport_cpp.so
[0.484s] -- Up-to-date: /home/dvij/multi-car-racing/ros2_ws/install/my_custom_msgs/share/my_custom_msgs/environment/pythonpath.sh
[0.484s] -- Up-to-date: /home/dvij/multi-car-racing/ros2_ws/install/my_custom_msgs/share/my_custom_msgs/environment/pythonpath.dsv
[0.484s] -- Up-to-date: /home/dvij/multi-car-racing/ros2_ws/install/my_custom_msgs/local/lib/python3.10/dist-packages/my_custom_msgs-0.0.0-py3.10.egg-info
[0.484s] -- Installing: /home/dvij/multi-car-racing/ros2_ws/install/my_custom_msgs/local/lib/python3.10/dist-packages/my_custom_msgs-0.0.0-py3.10.egg-info/SOURCES.txt
[0.484s] -- Installing: /home/dvij/multi-car-racing/ros2_ws/install/my_custom_msgs/local/lib/python3.10/dist-packages/my_custom_msgs-0.0.0-py3.10.egg-info/dependency_links.txt
[0.485s] -- Installing: /home/dvij/multi-car-racing/ros2_ws/install/my_custom_msgs/local/lib/python3.10/dist-packages/my_custom_msgs-0.0.0-py3.10.egg-info/top_level.txt
[0.485s] -- Installing: /home/dvij/multi-car-racing/ros2_ws/install/my_custom_msgs/local/lib/python3.10/dist-packages/my_custom_msgs-0.0.0-py3.10.egg-info/PKG-INFO
[0.485s] -- Up-to-date: /home/dvij/multi-car-racing/ros2_ws/install/my_custom_msgs/local/lib/python3.10/dist-packages/my_custom_msgs
[0.485s] -- Up-to-date: /home/dvij/multi-car-racing/ros2_ws/install/my_custom_msgs/local/lib/python3.10/dist-packages/my_custom_msgs/my_custom_msgs_s__rosidl_typesupport_introspection_c.cpython-310-x86_64-linux-gnu.so
[0.485s] -- Up-to-date: /home/dvij/multi-car-racing/ros2_ws/install/my_custom_msgs/local/lib/python3.10/dist-packages/my_custom_msgs/my_custom_msgs_s__rosidl_typesupport_c.cpython-310-x86_64-linux-gnu.so
[0.485s] -- Up-to-date: /home/dvij/multi-car-racing/ros2_ws/install/my_custom_msgs/local/lib/python3.10/dist-packages/my_custom_msgs/__init__.py
[0.485s] -- Up-to-date: /home/dvij/multi-car-racing/ros2_ws/install/my_custom_msgs/local/lib/python3.10/dist-packages/my_custom_msgs/msg
[0.485s] -- Up-to-date: /home/dvij/multi-car-racing/ros2_ws/install/my_custom_msgs/local/lib/python3.10/dist-packages/my_custom_msgs/msg/_policy_params_s.c
[0.485s] -- Up-to-date: /home/dvij/multi-car-racing/ros2_ws/install/my_custom_msgs/local/lib/python3.10/dist-packages/my_custom_msgs/msg/__init__.py
[0.486s] -- Up-to-date: /home/dvij/multi-car-racing/ros2_ws/install/my_custom_msgs/local/lib/python3.10/dist-packages/my_custom_msgs/msg/_policy_params.py
[0.486s] -- Up-to-date: /home/dvij/multi-car-racing/ros2_ws/install/my_custom_msgs/local/lib/python3.10/dist-packages/my_custom_msgs/_my_custom_msgs_s.ep.rosidl_typesupport_c.c
[0.486s] -- Up-to-date: /home/dvij/multi-car-racing/ros2_ws/install/my_custom_msgs/local/lib/python3.10/dist-packages/my_custom_msgs/my_custom_msgs_s__rosidl_typesupport_fastrtps_c.cpython-310-x86_64-linux-gnu.so
[0.486s] -- Up-to-date: /home/dvij/multi-car-racing/ros2_ws/install/my_custom_msgs/local/lib/python3.10/dist-packages/my_custom_msgs/_my_custom_msgs_s.ep.rosidl_typesupport_fastrtps_c.c
[0.486s] -- Up-to-date: /home/dvij/multi-car-racing/ros2_ws/install/my_custom_msgs/local/lib/python3.10/dist-packages/my_custom_msgs/libmy_custom_msgs__rosidl_generator_py.so
[0.486s] -- Up-to-date: /home/dvij/multi-car-racing/ros2_ws/install/my_custom_msgs/local/lib/python3.10/dist-packages/my_custom_msgs/_my_custom_msgs_s.ep.rosidl_typesupport_introspection_c.c
[0.528s] Listing '/home/dvij/multi-car-racing/ros2_ws/install/my_custom_msgs/local/lib/python3.10/dist-packages/my_custom_msgs'...
[0.528s] Listing '/home/dvij/multi-car-racing/ros2_ws/install/my_custom_msgs/local/lib/python3.10/dist-packages/my_custom_msgs/msg'...
[0.532s] -- Up-to-date: /home/dvij/multi-car-racing/ros2_ws/install/my_custom_msgs/local/lib/python3.10/dist-packages/my_custom_msgs/my_custom_msgs_s__rosidl_typesupport_fastrtps_c.cpython-310-x86_64-linux-gnu.so
[0.532s] -- Up-to-date: /home/dvij/multi-car-racing/ros2_ws/install/my_custom_msgs/local/lib/python3.10/dist-packages/my_custom_msgs/my_custom_msgs_s__rosidl_typesupport_introspection_c.cpython-310-x86_64-linux-gnu.so
[0.533s] -- Up-to-date: /home/dvij/multi-car-racing/ros2_ws/install/my_custom_msgs/local/lib/python3.10/dist-packages/my_custom_msgs/my_custom_msgs_s__rosidl_typesupport_c.cpython-310-x86_64-linux-gnu.so
[0.533s] -- Up-to-date: /home/dvij/multi-car-racing/ros2_ws/install/my_custom_msgs/lib/libmy_custom_msgs__rosidl_generator_py.so
[0.533s] -- Up-to-date: /home/dvij/multi-car-racing/ros2_ws/install/my_custom_msgs/share/my_custom_msgs/msg/PolicyParams.idl
[0.534s] -- Up-to-date: /home/dvij/multi-car-racing/ros2_ws/install/my_custom_msgs/share/my_custom_msgs/msg/PolicyParams.msg
[0.534s] -- Up-to-date: /home/dvij/multi-car-racing/ros2_ws/install/my_custom_msgs/share/ament_index/resource_index/package_run_dependencies/my_custom_msgs
[0.534s] -- Up-to-date: /home/dvij/multi-car-racing/ros2_ws/install/my_custom_msgs/share/ament_index/resource_index/parent_prefix_path/my_custom_msgs
[0.534s] -- Up-to-date: /home/dvij/multi-car-racing/ros2_ws/install/my_custom_msgs/share/my_custom_msgs/environment/ament_prefix_path.sh
[0.534s] -- Up-to-date: /home/dvij/multi-car-racing/ros2_ws/install/my_custom_msgs/share/my_custom_msgs/environment/ament_prefix_path.dsv
[0.534s] -- Up-to-date: /home/dvij/multi-car-racing/ros2_ws/install/my_custom_msgs/share/my_custom_msgs/environment/path.sh
[0.534s] -- Up-to-date: /home/dvij/multi-car-racing/ros2_ws/install/my_custom_msgs/share/my_custom_msgs/environment/path.dsv
[0.535s] -- Up-to-date: /home/dvij/multi-car-racing/ros2_ws/install/my_custom_msgs/share/my_custom_msgs/local_setup.bash
[0.535s] -- Up-to-date: /home/dvij/multi-car-racing/ros2_ws/install/my_custom_msgs/share/my_custom_msgs/local_setup.sh
[0.535s] -- Up-to-date: /home/dvij/multi-car-racing/ros2_ws/install/my_custom_msgs/share/my_custom_msgs/local_setup.zsh
[0.535s] -- Up-to-date: /home/dvij/multi-car-racing/ros2_ws/install/my_custom_msgs/share/my_custom_msgs/local_setup.dsv
[0.535s] -- Installing: /home/dvij/multi-car-racing/ros2_ws/install/my_custom_msgs/share/my_custom_msgs/package.dsv
[0.535s] -- Up-to-date: /home/dvij/multi-car-racing/ros2_ws/install/my_custom_msgs/share/ament_index/resource_index/packages/my_custom_msgs
[0.536s] -- Up-to-date: /home/dvij/multi-car-racing/ros2_ws/install/my_custom_msgs/share/my_custom_msgs/cmake/export_my_custom_msgs__rosidl_generator_cExport.cmake
[0.536s] -- Up-to-date: /home/dvij/multi-car-racing/ros2_ws/install/my_custom_msgs/share/my_custom_msgs/cmake/export_my_custom_msgs__rosidl_generator_cExport-noconfig.cmake
[0.536s] -- Up-to-date: /home/dvij/multi-car-racing/ros2_ws/install/my_custom_msgs/share/my_custom_msgs/cmake/export_my_custom_msgs__rosidl_typesupport_fastrtps_cExport.cmake
[0.536s] -- Up-to-date: /home/dvij/multi-car-racing/ros2_ws/install/my_custom_msgs/share/my_custom_msgs/cmake/export_my_custom_msgs__rosidl_typesupport_fastrtps_cExport-noconfig.cmake
[0.536s] -- Up-to-date: /home/dvij/multi-car-racing/ros2_ws/install/my_custom_msgs/share/my_custom_msgs/cmake/export_my_custom_msgs__rosidl_generator_cppExport.cmake
[0.536s] -- Up-to-date: /home/dvij/multi-car-racing/ros2_ws/install/my_custom_msgs/share/my_custom_msgs/cmake/export_my_custom_msgs__rosidl_typesupport_fastrtps_cppExport.cmake
[0.536s] -- Up-to-date: /home/dvij/multi-car-racing/ros2_ws/install/my_custom_msgs/share/my_custom_msgs/cmake/export_my_custom_msgs__rosidl_typesupport_fastrtps_cppExport-noconfig.cmake
[0.537s] -- Up-to-date: /home/dvij/multi-car-racing/ros2_ws/install/my_custom_msgs/share/my_custom_msgs/cmake/my_custom_msgs__rosidl_typesupport_introspection_cExport.cmake
[0.537s] -- Up-to-date: /home/dvij/multi-car-racing/ros2_ws/install/my_custom_msgs/share/my_custom_msgs/cmake/my_custom_msgs__rosidl_typesupport_introspection_cExport-noconfig.cmake
[0.537s] -- Up-to-date: /home/dvij/multi-car-racing/ros2_ws/install/my_custom_msgs/share/my_custom_msgs/cmake/my_custom_msgs__rosidl_typesupport_cExport.cmake
[0.537s] -- Up-to-date: /home/dvij/multi-car-racing/ros2_ws/install/my_custom_msgs/share/my_custom_msgs/cmake/my_custom_msgs__rosidl_typesupport_cExport-noconfig.cmake
[0.537s] -- Up-to-date: /home/dvij/multi-car-racing/ros2_ws/install/my_custom_msgs/share/my_custom_msgs/cmake/my_custom_msgs__rosidl_typesupport_introspection_cppExport.cmake
[0.537s] -- Up-to-date: /home/dvij/multi-car-racing/ros2_ws/install/my_custom_msgs/share/my_custom_msgs/cmake/my_custom_msgs__rosidl_typesupport_introspection_cppExport-noconfig.cmake
[0.537s] -- Up-to-date: /home/dvij/multi-car-racing/ros2_ws/install/my_custom_msgs/share/my_custom_msgs/cmake/my_custom_msgs__rosidl_typesupport_cppExport.cmake
[0.537s] -- Up-to-date: /home/dvij/multi-car-racing/ros2_ws/install/my_custom_msgs/share/my_custom_msgs/cmake/my_custom_msgs__rosidl_typesupport_cppExport-noconfig.cmake
[0.538s] -- Up-to-date: /home/dvij/multi-car-racing/ros2_ws/install/my_custom_msgs/share/my_custom_msgs/cmake/export_my_custom_msgs__rosidl_generator_pyExport.cmake
[0.538s] -- Up-to-date: /home/dvij/multi-car-racing/ros2_ws/install/my_custom_msgs/share/my_custom_msgs/cmake/export_my_custom_msgs__rosidl_generator_pyExport-noconfig.cmake
[0.538s] -- Up-to-date: /home/dvij/multi-car-racing/ros2_ws/install/my_custom_msgs/share/my_custom_msgs/cmake/rosidl_cmake-extras.cmake
[0.538s] -- Up-to-date: /home/dvij/multi-car-racing/ros2_ws/install/my_custom_msgs/share/my_custom_msgs/cmake/ament_cmake_export_dependencies-extras.cmake
[0.538s] -- Up-to-date: /home/dvij/multi-car-racing/ros2_ws/install/my_custom_msgs/share/my_custom_msgs/cmake/ament_cmake_export_include_directories-extras.cmake
[0.538s] -- Up-to-date: /home/dvij/multi-car-racing/ros2_ws/install/my_custom_msgs/share/my_custom_msgs/cmake/ament_cmake_export_libraries-extras.cmake
[0.538s] -- Up-to-date: /home/dvij/multi-car-racing/ros2_ws/install/my_custom_msgs/share/my_custom_msgs/cmake/ament_cmake_export_targets-extras.cmake
[0.538s] -- Up-to-date: /home/dvij/multi-car-racing/ros2_ws/install/my_custom_msgs/share/my_custom_msgs/cmake/rosidl_cmake_export_typesupport_targets-extras.cmake
[0.538s] -- Up-to-date: /home/dvij/multi-car-racing/ros2_ws/install/my_custom_msgs/share/my_custom_msgs/cmake/rosidl_cmake_export_typesupport_libraries-extras.cmake
[0.539s] -- Up-to-date: /home/dvij/multi-car-racing/ros2_ws/install/my_custom_msgs/share/my_custom_msgs/cmake/my_custom_msgsConfig.cmake
[0.539s] -- Up-to-date: /home/dvij/multi-car-racing/ros2_ws/install/my_custom_msgs/share/my_custom_msgs/cmake/my_custom_msgsConfig-version.cmake
[0.539s] -- Up-to-date: /home/dvij/multi-car-racing/ros2_ws/install/my_custom_msgs/share/my_custom_msgs/package.xml
[0.541s] Invoked command in '/home/dvij/multi-car-racing/ros2_ws/build/my_custom_msgs' returned '0': CMAKE_PREFIX_PATH=/opt/ros/humble:${CMAKE_PREFIX_PATH} /usr/bin/cmake --install /home/dvij/multi-car-racing/ros2_ws/build/my_custom_msgs
