-- Install configuration: ""
-- Up-to-date: /home/dvij/multi-car-racing/ros2_ws/install/my_robot_description/share/my_robot_description/urdf
-- Installing: /home/dvij/multi-car-racing/ros2_ws/install/my_robot_description/share/my_robot_description/urdf/car1.urdf
-- Up-to-date: /home/dvij/multi-car-racing/ros2_ws/install/my_robot_description/share/my_robot_description/urdf/car.urdf
-- Up-to-date: /home/dvij/multi-car-racing/ros2_ws/install/my_robot_description/share/my_robot_description/meshes
-- Up-to-date: /home/dvij/multi-car-racing/ros2_ws/install/my_robot_description/share/my_robot_description/meshes/il15_tyre_rl.stl
-- Up-to-date: /home/dvij/multi-car-racing/ros2_ws/install/my_robot_description/share/my_robot_description/meshes/il15_tyre_rr.stl
-- Up-to-date: /home/dvij/multi-car-racing/ros2_ws/install/my_robot_description/share/my_robot_description/meshes/il15_tyre_fl.stl
-- Up-to-date: /home/dvij/multi-car-racing/ros2_ws/install/my_robot_description/share/my_robot_description/meshes/il15_tyre_fr.stl
-- Up-to-date: /home/dvij/multi-car-racing/ros2_ws/install/my_robot_description/share/my_robot_description/meshes/il15_body.stl
-- Up-to-date: /home/dvij/multi-car-racing/ros2_ws/install/my_robot_description/share/my_robot_description/launch
-- Up-to-date: /home/dvij/multi-car-racing/ros2_ws/install/my_robot_description/share/my_robot_description/launch/display.launch.py
-- Installing: /home/dvij/multi-car-racing/ros2_ws/install/my_robot_description/share/my_robot_description/launch/display1.launch.py
-- Up-to-date: /home/dvij/multi-car-racing/ros2_ws/install/my_robot_description/share/ament_index/resource_index/package_run_dependencies/my_robot_description
-- Up-to-date: /home/dvij/multi-car-racing/ros2_ws/install/my_robot_description/share/ament_index/resource_index/parent_prefix_path/my_robot_description
-- Up-to-date: /home/dvij/multi-car-racing/ros2_ws/install/my_robot_description/share/my_robot_description/environment/ament_prefix_path.sh
-- Up-to-date: /home/dvij/multi-car-racing/ros2_ws/install/my_robot_description/share/my_robot_description/environment/ament_prefix_path.dsv
-- Up-to-date: /home/dvij/multi-car-racing/ros2_ws/install/my_robot_description/share/my_robot_description/environment/path.sh
-- Up-to-date: /home/dvij/multi-car-racing/ros2_ws/install/my_robot_description/share/my_robot_description/environment/path.dsv
-- Up-to-date: /home/dvij/multi-car-racing/ros2_ws/install/my_robot_description/share/my_robot_description/local_setup.bash
-- Up-to-date: /home/dvij/multi-car-racing/ros2_ws/install/my_robot_description/share/my_robot_description/local_setup.sh
-- Up-to-date: /home/dvij/multi-car-racing/ros2_ws/install/my_robot_description/share/my_robot_description/local_setup.zsh
-- Up-to-date: /home/dvij/multi-car-racing/ros2_ws/install/my_robot_description/share/my_robot_description/local_setup.dsv
-- Installing: /home/dvij/multi-car-racing/ros2_ws/install/my_robot_description/share/my_robot_description/package.dsv
-- Up-to-date: /home/dvij/multi-car-racing/ros2_ws/install/my_robot_description/share/ament_index/resource_index/packages/my_robot_description
-- Up-to-date: /home/dvij/multi-car-racing/ros2_ws/install/my_robot_description/share/my_robot_description/cmake/my_robot_descriptionConfig.cmake
-- Up-to-date: /home/dvij/multi-car-racing/ros2_ws/install/my_robot_description/share/my_robot_description/cmake/my_robot_descriptionConfig-version.cmake
-- Up-to-date: /home/dvij/multi-car-racing/ros2_ws/install/my_robot_description/share/my_robot_description/package.xml
