[0.096s] DEBUG:colcon:Command line arguments: ['/usr/bin/colcon', 'build']
[0.097s] DEBUG:colcon:Parsed command line arguments: Namespace(log_base=None, log_level=None, verb_name='build', build_base='build', install_base='install', merge_install=False, symlink_install=False, test_result_base=None, continue_on_error=False, executor='parallel', parallel_workers=48, event_handlers=None, ignore_user_meta=False, metas=['./colcon.meta'], base_paths=['.'], packages_ignore=None, packages_ignore_regex=None, paths=None, packages_up_to=None, packages_up_to_regex=None, packages_above=None, packages_above_and_dependencies=None, packages_above_depth=None, packages_select_by_dep=None, packages_skip_by_dep=None, packages_skip_up_to=None, packages_select_build_failed=False, packages_skip_build_finished=False, packages_select_test_failures=False, packages_skip_test_passed=False, packages_select=None, packages_skip=None, packages_select_regex=None, packages_skip_regex=None, packages_start=None, packages_end=None, allow_overriding=[], cmake_args=None, cmake_target=None, cmake_target_skip_unavailable=False, cmake_clean_cache=False, cmake_clean_first=False, cmake_force_configure=False, ament_cmake_args=None, catkin_cmake_args=None, catkin_skip_building_tests=False, mixin_files=None, mixin=None, verb_parser=<colcon_mixin.mixin.mixin_argument.MixinArgumentDecorator object at 0x7f87c9a406d0>, verb_extension=<colcon_core.verb.build.BuildVerb object at 0x7f87c9a400d0>, main=<bound method BuildVerb.main of <colcon_core.verb.build.BuildVerb object at 0x7f87c9a400d0>>, mixin_verb=('build',))
[0.277s] Level 1:colcon.colcon_core.package_discovery:discover_packages(colcon_meta) check parameters
[0.277s] Level 1:colcon.colcon_core.package_discovery:discover_packages(recursive) check parameters
[0.277s] Level 1:colcon.colcon_core.package_discovery:discover_packages(ignore) check parameters
[0.277s] Level 1:colcon.colcon_core.package_discovery:discover_packages(path) check parameters
[0.277s] Level 1:colcon.colcon_core.package_discovery:discover_packages(colcon_meta) discover
[0.277s] Level 1:colcon.colcon_core.package_discovery:discover_packages(recursive) discover
[0.277s] INFO:colcon.colcon_core.package_discovery:Crawling recursively for packages in '/home/dvij/multi-car-racing/ros2_ws'
[0.277s] Level 1:colcon.colcon_core.package_identification:_identify(.) by extensions ['ignore', 'ignore_ament_install']
[0.278s] Level 1:colcon.colcon_core.package_identification:_identify(.) by extension 'ignore'
[0.278s] Level 1:colcon.colcon_core.package_identification:_identify(.) by extension 'ignore_ament_install'
[0.278s] Level 1:colcon.colcon_core.package_identification:_identify(.) by extensions ['colcon_pkg']
[0.278s] Level 1:colcon.colcon_core.package_identification:_identify(.) by extension 'colcon_pkg'
[0.278s] Level 1:colcon.colcon_core.package_identification:_identify(.) by extensions ['colcon_meta']
[0.278s] Level 1:colcon.colcon_core.package_identification:_identify(.) by extension 'colcon_meta'
[0.278s] Level 1:colcon.colcon_core.package_identification:_identify(.) by extensions ['ros']
[0.278s] Level 1:colcon.colcon_core.package_identification:_identify(.) by extension 'ros'
[0.288s] Level 1:colcon.colcon_core.package_identification:_identify(.) by extensions ['cmake', 'python']
[0.288s] Level 1:colcon.colcon_core.package_identification:_identify(.) by extension 'cmake'
[0.288s] Level 1:colcon.colcon_core.package_identification:_identify(.) by extension 'python'
[0.288s] Level 1:colcon.colcon_core.package_identification:_identify(.) by extensions ['python_setup_py']
[0.288s] Level 1:colcon.colcon_core.package_identification:_identify(.) by extension 'python_setup_py'
[0.288s] Level 1:colcon.colcon_core.package_identification:_identify(build) by extensions ['ignore', 'ignore_ament_install']
[0.288s] Level 1:colcon.colcon_core.package_identification:_identify(build) by extension 'ignore'
[0.288s] Level 1:colcon.colcon_core.package_identification:_identify(build) ignored
[0.288s] Level 1:colcon.colcon_core.package_identification:_identify(install) by extensions ['ignore', 'ignore_ament_install']
[0.288s] Level 1:colcon.colcon_core.package_identification:_identify(install) by extension 'ignore'
[0.288s] Level 1:colcon.colcon_core.package_identification:_identify(install) ignored
[0.289s] Level 1:colcon.colcon_core.package_identification:_identify(log) by extensions ['ignore', 'ignore_ament_install']
[0.289s] Level 1:colcon.colcon_core.package_identification:_identify(log) by extension 'ignore'
[0.289s] Level 1:colcon.colcon_core.package_identification:_identify(log) ignored
[0.289s] Level 1:colcon.colcon_core.package_identification:_identify(my_custom_msgs) by extensions ['ignore', 'ignore_ament_install']
[0.289s] Level 1:colcon.colcon_core.package_identification:_identify(my_custom_msgs) by extension 'ignore'
[0.289s] Level 1:colcon.colcon_core.package_identification:_identify(my_custom_msgs) by extension 'ignore_ament_install'
[0.289s] Level 1:colcon.colcon_core.package_identification:_identify(my_custom_msgs) by extensions ['colcon_pkg']
[0.289s] Level 1:colcon.colcon_core.package_identification:_identify(my_custom_msgs) by extension 'colcon_pkg'
[0.289s] Level 1:colcon.colcon_core.package_identification:_identify(my_custom_msgs) by extensions ['colcon_meta']
[0.289s] Level 1:colcon.colcon_core.package_identification:_identify(my_custom_msgs) by extension 'colcon_meta'
[0.289s] Level 1:colcon.colcon_core.package_identification:_identify(my_custom_msgs) by extensions ['ros']
[0.289s] Level 1:colcon.colcon_core.package_identification:_identify(my_custom_msgs) by extension 'ros'
[0.304s] DEBUG:colcon.colcon_core.package_identification:Package 'my_custom_msgs' with type 'ros.ament_cmake' and name 'my_custom_msgs'
[0.304s] Level 1:colcon.colcon_core.package_identification:_identify(src) by extensions ['ignore', 'ignore_ament_install']
[0.304s] Level 1:colcon.colcon_core.package_identification:_identify(src) by extension 'ignore'
[0.304s] Level 1:colcon.colcon_core.package_identification:_identify(src) by extension 'ignore_ament_install'
[0.304s] Level 1:colcon.colcon_core.package_identification:_identify(src) by extensions ['colcon_pkg']
[0.304s] Level 1:colcon.colcon_core.package_identification:_identify(src) by extension 'colcon_pkg'
[0.304s] Level 1:colcon.colcon_core.package_identification:_identify(src) by extensions ['colcon_meta']
[0.304s] Level 1:colcon.colcon_core.package_identification:_identify(src) by extension 'colcon_meta'
[0.304s] Level 1:colcon.colcon_core.package_identification:_identify(src) by extensions ['ros']
[0.304s] Level 1:colcon.colcon_core.package_identification:_identify(src) by extension 'ros'
[0.305s] Level 1:colcon.colcon_core.package_identification:_identify(src) by extensions ['cmake', 'python']
[0.305s] Level 1:colcon.colcon_core.package_identification:_identify(src) by extension 'cmake'
[0.305s] Level 1:colcon.colcon_core.package_identification:_identify(src) by extension 'python'
[0.305s] Level 1:colcon.colcon_core.package_identification:_identify(src) by extensions ['python_setup_py']
[0.305s] Level 1:colcon.colcon_core.package_identification:_identify(src) by extension 'python_setup_py'
[0.305s] Level 1:colcon.colcon_core.package_identification:_identify(src/my_robot_description) by extensions ['ignore', 'ignore_ament_install']
[0.305s] Level 1:colcon.colcon_core.package_identification:_identify(src/my_robot_description) by extension 'ignore'
[0.305s] Level 1:colcon.colcon_core.package_identification:_identify(src/my_robot_description) by extension 'ignore_ament_install'
[0.305s] Level 1:colcon.colcon_core.package_identification:_identify(src/my_robot_description) by extensions ['colcon_pkg']
[0.305s] Level 1:colcon.colcon_core.package_identification:_identify(src/my_robot_description) by extension 'colcon_pkg'
[0.305s] Level 1:colcon.colcon_core.package_identification:_identify(src/my_robot_description) by extensions ['colcon_meta']
[0.305s] Level 1:colcon.colcon_core.package_identification:_identify(src/my_robot_description) by extension 'colcon_meta'
[0.305s] Level 1:colcon.colcon_core.package_identification:_identify(src/my_robot_description) by extensions ['ros']
[0.305s] Level 1:colcon.colcon_core.package_identification:_identify(src/my_robot_description) by extension 'ros'
[0.306s] DEBUG:colcon.colcon_core.package_identification:Package 'src/my_robot_description' with type 'ros.catkin' and name 'my_robot_description'
[0.306s] Level 1:colcon.colcon_core.package_discovery:discover_packages(recursive) using defaults
[0.306s] Level 1:colcon.colcon_core.package_discovery:discover_packages(ignore) discover
[0.306s] Level 1:colcon.colcon_core.package_discovery:discover_packages(ignore) using defaults
[0.306s] Level 1:colcon.colcon_core.package_discovery:discover_packages(path) discover
[0.306s] Level 1:colcon.colcon_core.package_discovery:discover_packages(path) using defaults
[0.322s] Level 1:colcon.colcon_core.package_discovery:discover_packages(prefix_path) check parameters
[0.322s] Level 1:colcon.colcon_core.package_discovery:discover_packages(prefix_path) discover
[0.323s] DEBUG:colcon.colcon_installed_package_information.package_discovery:Found 2 installed packages in /home/dvij/multi-car-racing/ros2_ws/install
[0.325s] DEBUG:colcon.colcon_installed_package_information.package_discovery:Found 274 installed packages in /opt/ros/humble
[0.326s] Level 1:colcon.colcon_core.package_discovery:discover_packages(prefix_path) using defaults
[0.358s] Level 5:colcon.colcon_core.verb:set package 'my_custom_msgs' build argument 'cmake_args' from command line to 'None'
[0.358s] Level 5:colcon.colcon_core.verb:set package 'my_custom_msgs' build argument 'cmake_target' from command line to 'None'
[0.359s] Level 5:colcon.colcon_core.verb:set package 'my_custom_msgs' build argument 'cmake_target_skip_unavailable' from command line to 'False'
[0.359s] Level 5:colcon.colcon_core.verb:set package 'my_custom_msgs' build argument 'cmake_clean_cache' from command line to 'False'
[0.359s] Level 5:colcon.colcon_core.verb:set package 'my_custom_msgs' build argument 'cmake_clean_first' from command line to 'False'
[0.359s] Level 5:colcon.colcon_core.verb:set package 'my_custom_msgs' build argument 'cmake_force_configure' from command line to 'False'
[0.359s] Level 5:colcon.colcon_core.verb:set package 'my_custom_msgs' build argument 'ament_cmake_args' from command line to 'None'
[0.359s] Level 5:colcon.colcon_core.verb:set package 'my_custom_msgs' build argument 'catkin_cmake_args' from command line to 'None'
[0.359s] Level 5:colcon.colcon_core.verb:set package 'my_custom_msgs' build argument 'catkin_skip_building_tests' from command line to 'False'
[0.359s] DEBUG:colcon.colcon_core.verb:Building package 'my_custom_msgs' with the following arguments: {'ament_cmake_args': None, 'build_base': '/home/dvij/multi-car-racing/ros2_ws/build/my_custom_msgs', 'catkin_cmake_args': None, 'catkin_skip_building_tests': False, 'cmake_args': None, 'cmake_clean_cache': False, 'cmake_clean_first': False, 'cmake_force_configure': False, 'cmake_target': None, 'cmake_target_skip_unavailable': False, 'install_base': '/home/dvij/multi-car-racing/ros2_ws/install/my_custom_msgs', 'merge_install': False, 'path': '/home/dvij/multi-car-racing/ros2_ws/my_custom_msgs', 'symlink_install': False, 'test_result_base': None}
[0.359s] Level 5:colcon.colcon_core.verb:set package 'my_robot_description' build argument 'cmake_args' from command line to 'None'
[0.359s] Level 5:colcon.colcon_core.verb:set package 'my_robot_description' build argument 'cmake_target' from command line to 'None'
[0.359s] Level 5:colcon.colcon_core.verb:set package 'my_robot_description' build argument 'cmake_target_skip_unavailable' from command line to 'False'
[0.359s] Level 5:colcon.colcon_core.verb:set package 'my_robot_description' build argument 'cmake_clean_cache' from command line to 'False'
[0.359s] Level 5:colcon.colcon_core.verb:set package 'my_robot_description' build argument 'cmake_clean_first' from command line to 'False'
[0.359s] Level 5:colcon.colcon_core.verb:set package 'my_robot_description' build argument 'cmake_force_configure' from command line to 'False'
[0.359s] Level 5:colcon.colcon_core.verb:set package 'my_robot_description' build argument 'ament_cmake_args' from command line to 'None'
[0.359s] Level 5:colcon.colcon_core.verb:set package 'my_robot_description' build argument 'catkin_cmake_args' from command line to 'None'
[0.359s] Level 5:colcon.colcon_core.verb:set package 'my_robot_description' build argument 'catkin_skip_building_tests' from command line to 'False'
[0.359s] DEBUG:colcon.colcon_core.verb:Building package 'my_robot_description' with the following arguments: {'ament_cmake_args': None, 'build_base': '/home/dvij/multi-car-racing/ros2_ws/build/my_robot_description', 'catkin_cmake_args': None, 'catkin_skip_building_tests': False, 'cmake_args': None, 'cmake_clean_cache': False, 'cmake_clean_first': False, 'cmake_force_configure': False, 'cmake_target': None, 'cmake_target_skip_unavailable': False, 'install_base': '/home/dvij/multi-car-racing/ros2_ws/install/my_robot_description', 'merge_install': False, 'path': '/home/dvij/multi-car-racing/ros2_ws/src/my_robot_description', 'symlink_install': False, 'test_result_base': None}
[0.359s] INFO:colcon.colcon_core.executor:Executing jobs using 'parallel' executor
[0.361s] DEBUG:colcon.colcon_parallel_executor.executor.parallel:run_until_complete
[0.361s] INFO:colcon.colcon_ros.task.ament_cmake.build:Building ROS package in '/home/dvij/multi-car-racing/ros2_ws/my_custom_msgs' with build type 'ament_cmake'
[0.361s] INFO:colcon.colcon_cmake.task.cmake.build:Building CMake package in '/home/dvij/multi-car-racing/ros2_ws/my_custom_msgs'
[0.363s] INFO:colcon.colcon_core.plugin_system:Skipping extension 'colcon_core.shell.bat': Not used on non-Windows systems
[0.363s] INFO:colcon.colcon_core.shell:Skip shell extension 'powershell' for command environment: Not usable outside of PowerShell
[0.363s] DEBUG:colcon.colcon_core.shell:Skip shell extension 'dsv' for command environment
[0.366s] INFO:colcon.colcon_ros.task.catkin.build:Building ROS package in '/home/dvij/multi-car-racing/ros2_ws/src/my_robot_description' with build type 'catkin'
[0.366s] INFO:colcon.colcon_cmake.task.cmake.build:Building CMake package in '/home/dvij/multi-car-racing/ros2_ws/src/my_robot_description'
[0.367s] INFO:colcon.colcon_core.shell:Skip shell extension 'powershell' for command environment: Not usable outside of PowerShell
[0.367s] DEBUG:colcon.colcon_core.shell:Skip shell extension 'dsv' for command environment
[0.375s] DEBUG:colcon.colcon_core.event_handler.log_command:Invoking command in '/home/dvij/multi-car-racing/ros2_ws/build/my_custom_msgs': CMAKE_PREFIX_PATH=/opt/ros/humble:${CMAKE_PREFIX_PATH} /usr/bin/cmake --build /home/dvij/multi-car-racing/ros2_ws/build/my_custom_msgs -- -j48 -l48
[0.380s] DEBUG:colcon.colcon_core.event_handler.log_command:Invoking command in '/home/dvij/multi-car-racing/ros2_ws/build/my_robot_description': /usr/bin/cmake --build /home/dvij/multi-car-racing/ros2_ws/build/my_robot_description -- -j48 -l48
[0.404s] DEBUG:colcon.colcon_core.event_handler.log_command:Invoked command in '/home/dvij/multi-car-racing/ros2_ws/build/my_robot_description' returned '2': /usr/bin/cmake --build /home/dvij/multi-car-racing/ros2_ws/build/my_robot_description -- -j48 -l48
[0.422s] Level 1:colcon.colcon_core.shell:create_environment_hook('my_robot_description', 'ros_package_path')
[0.422s] INFO:colcon.colcon_core.shell:Creating environment hook '/home/dvij/multi-car-racing/ros2_ws/install/my_robot_description/share/my_robot_description/hook/ros_package_path.ps1'
[0.423s] INFO:colcon.colcon_core.shell:Creating environment descriptor '/home/dvij/multi-car-racing/ros2_ws/install/my_robot_description/share/my_robot_description/hook/ros_package_path.dsv'
[0.424s] INFO:colcon.colcon_core.shell:Creating environment hook '/home/dvij/multi-car-racing/ros2_ws/install/my_robot_description/share/my_robot_description/hook/ros_package_path.sh'
[0.425s] Level 1:colcon.colcon_core.shell:create_environment_hook('my_robot_description', 'pkg_config_path')
[0.425s] INFO:colcon.colcon_core.shell:Creating environment hook '/home/dvij/multi-car-racing/ros2_ws/install/my_robot_description/share/my_robot_description/hook/pkg_config_path.ps1'
[0.426s] INFO:colcon.colcon_core.shell:Creating environment descriptor '/home/dvij/multi-car-racing/ros2_ws/install/my_robot_description/share/my_robot_description/hook/pkg_config_path.dsv'
[0.426s] INFO:colcon.colcon_core.shell:Creating environment hook '/home/dvij/multi-car-racing/ros2_ws/install/my_robot_description/share/my_robot_description/hook/pkg_config_path.sh'
[0.428s] Level 1:colcon.colcon_core.shell:create_environment_hook('my_robot_description', 'pkg_config_path_multiarch')
[0.429s] INFO:colcon.colcon_core.shell:Creating environment hook '/home/dvij/multi-car-racing/ros2_ws/install/my_robot_description/share/my_robot_description/hook/pkg_config_path_multiarch.ps1'
[0.430s] INFO:colcon.colcon_core.shell:Creating environment descriptor '/home/dvij/multi-car-racing/ros2_ws/install/my_robot_description/share/my_robot_description/hook/pkg_config_path_multiarch.dsv'
[0.430s] INFO:colcon.colcon_core.shell:Creating environment hook '/home/dvij/multi-car-racing/ros2_ws/install/my_robot_description/share/my_robot_description/hook/pkg_config_path_multiarch.sh'
[0.432s] Level 1:colcon.colcon_core.environment:create_environment_scripts_only(my_robot_description)
[0.435s] Level 1:colcon.colcon_core.environment:checking '/home/dvij/multi-car-racing/ros2_ws/install/my_robot_description' for CMake module files
[0.436s] Level 1:colcon.colcon_core.environment:checking '/home/dvij/multi-car-racing/ros2_ws/install/my_robot_description' for CMake config files
[0.436s] Level 1:colcon.colcon_core.shell:create_environment_hook('my_robot_description', 'cmake_prefix_path')
[0.436s] INFO:colcon.colcon_core.shell:Creating environment hook '/home/dvij/multi-car-racing/ros2_ws/install/my_robot_description/share/my_robot_description/hook/cmake_prefix_path.ps1'
[0.437s] INFO:colcon.colcon_core.shell:Creating environment descriptor '/home/dvij/multi-car-racing/ros2_ws/install/my_robot_description/share/my_robot_description/hook/cmake_prefix_path.dsv'
[0.437s] INFO:colcon.colcon_core.shell:Creating environment hook '/home/dvij/multi-car-racing/ros2_ws/install/my_robot_description/share/my_robot_description/hook/cmake_prefix_path.sh'
[0.438s] Level 1:colcon.colcon_core.environment:checking '/home/dvij/multi-car-racing/ros2_ws/install/my_robot_description/bin'
[0.438s] Level 1:colcon.colcon_core.environment:checking '/home/dvij/multi-car-racing/ros2_ws/install/my_robot_description/lib/pkgconfig/my_robot_description.pc'
[0.438s] Level 1:colcon.colcon_core.environment:checking '/home/dvij/multi-car-racing/ros2_ws/install/my_robot_description/lib/python3.10/site-packages'
[0.439s] Level 1:colcon.colcon_core.environment:checking '/home/dvij/multi-car-racing/ros2_ws/install/my_robot_description/bin'
[0.439s] INFO:colcon.colcon_core.shell:Creating package script '/home/dvij/multi-car-racing/ros2_ws/install/my_robot_description/share/my_robot_description/package.ps1'
[0.441s] INFO:colcon.colcon_core.shell:Creating package descriptor '/home/dvij/multi-car-racing/ros2_ws/install/my_robot_description/share/my_robot_description/package.dsv'
[0.442s] INFO:colcon.colcon_core.shell:Creating package script '/home/dvij/multi-car-racing/ros2_ws/install/my_robot_description/share/my_robot_description/package.sh'
[0.443s] INFO:colcon.colcon_core.shell:Creating package script '/home/dvij/multi-car-racing/ros2_ws/install/my_robot_description/share/my_robot_description/package.bash'
[0.444s] INFO:colcon.colcon_core.shell:Creating package script '/home/dvij/multi-car-racing/ros2_ws/install/my_robot_description/share/my_robot_description/package.zsh'
[0.445s] Level 1:colcon.colcon_core.environment:create_file_with_runtime_dependencies(/home/dvij/multi-car-racing/ros2_ws/install/my_robot_description/share/colcon-core/packages/my_robot_description)
[0.779s] DEBUG:colcon.colcon_parallel_executor.executor.parallel:closing loop
[0.779s] DEBUG:colcon.colcon_parallel_executor.executor.parallel:loop closed
[0.780s] DEBUG:colcon.colcon_parallel_executor.executor.parallel:run_until_complete finished with '2'
[0.780s] DEBUG:colcon.colcon_core.event_reactor:joining thread
[0.787s] INFO:colcon.colcon_core.plugin_system:Skipping extension 'colcon_notification.desktop_notification.terminal_notifier': Not used on non-Darwin systems
[0.787s] INFO:colcon.colcon_core.plugin_system:Skipping extension 'colcon_notification.desktop_notification.win32': Not used on non-Windows systems
[0.787s] INFO:colcon.colcon_notification.desktop_notification:Sending desktop notification using 'notify2'
[0.788s] DEBUG:colcon.colcon_notification.desktop_notification.notify2:Failed to initialize notify2: org.freedesktop.DBus.Error.ServiceUnknown: The name org.freedesktop.Notifications was not provided by any .service files
[0.789s] DEBUG:colcon.colcon_core.event_reactor:joined thread
[0.789s] INFO:colcon.colcon_core.shell:Creating prefix script '/home/dvij/multi-car-racing/ros2_ws/install/local_setup.ps1'
[0.791s] INFO:colcon.colcon_core.shell:Creating prefix util module '/home/dvij/multi-car-racing/ros2_ws/install/_local_setup_util_ps1.py'
[0.793s] INFO:colcon.colcon_core.shell:Creating prefix chain script '/home/dvij/multi-car-racing/ros2_ws/install/setup.ps1'
[0.794s] INFO:colcon.colcon_core.shell:Creating prefix script '/home/dvij/multi-car-racing/ros2_ws/install/local_setup.sh'
[0.795s] INFO:colcon.colcon_core.shell:Creating prefix util module '/home/dvij/multi-car-racing/ros2_ws/install/_local_setup_util_sh.py'
[0.796s] INFO:colcon.colcon_core.shell:Creating prefix chain script '/home/dvij/multi-car-racing/ros2_ws/install/setup.sh'
[0.797s] INFO:colcon.colcon_core.shell:Creating prefix script '/home/dvij/multi-car-racing/ros2_ws/install/local_setup.bash'
[0.798s] INFO:colcon.colcon_core.shell:Creating prefix chain script '/home/dvij/multi-car-racing/ros2_ws/install/setup.bash'
[0.800s] INFO:colcon.colcon_core.shell:Creating prefix script '/home/dvij/multi-car-racing/ros2_ws/install/local_setup.zsh'
[0.800s] INFO:colcon.colcon_core.shell:Creating prefix chain script '/home/dvij/multi-car-racing/ros2_ws/install/setup.zsh'
