[0.099s] DEBUG:colcon:Command line arguments: ['/usr/bin/colcon', 'build']
[0.099s] DEBUG:colcon:Parsed command line arguments: Namespace(log_base=None, log_level=None, verb_name='build', build_base='build', install_base='install', merge_install=False, symlink_install=False, test_result_base=None, continue_on_error=False, executor='parallel', parallel_workers=48, event_handlers=None, ignore_user_meta=False, metas=['./colcon.meta'], base_paths=['.'], packages_ignore=None, packages_ignore_regex=None, paths=None, packages_up_to=None, packages_up_to_regex=None, packages_above=None, packages_above_and_dependencies=None, packages_above_depth=None, packages_select_by_dep=None, packages_skip_by_dep=None, packages_skip_up_to=None, packages_select_build_failed=False, packages_skip_build_finished=False, packages_select_test_failures=False, packages_skip_test_passed=False, packages_select=None, packages_skip=None, packages_select_regex=None, packages_skip_regex=None, packages_start=None, packages_end=None, allow_overriding=[], cmake_args=None, cmake_target=None, cmake_target_skip_unavailable=False, cmake_clean_cache=False, cmake_clean_first=False, cmake_force_configure=False, ament_cmake_args=None, catkin_cmake_args=None, catkin_skip_building_tests=False, mixin_files=None, mixin=None, verb_parser=<colcon_mixin.mixin.mixin_argument.MixinArgumentDecorator object at 0x7f535311c6d0>, verb_extension=<colcon_core.verb.build.BuildVerb object at 0x7f535311c0d0>, main=<bound method BuildVerb.main of <colcon_core.verb.build.BuildVerb object at 0x7f535311c0d0>>, mixin_verb=('build',))
[0.283s] Level 1:colcon.colcon_core.package_discovery:discover_packages(colcon_meta) check parameters
[0.283s] Level 1:colcon.colcon_core.package_discovery:discover_packages(recursive) check parameters
[0.283s] Level 1:colcon.colcon_core.package_discovery:discover_packages(ignore) check parameters
[0.283s] Level 1:colcon.colcon_core.package_discovery:discover_packages(path) check parameters
[0.283s] Level 1:colcon.colcon_core.package_discovery:discover_packages(colcon_meta) discover
[0.284s] Level 1:colcon.colcon_core.package_discovery:discover_packages(recursive) discover
[0.284s] INFO:colcon.colcon_core.package_discovery:Crawling recursively for packages in '/home/dvij/multi-car-racing/ros2_ws'
[0.284s] Level 1:colcon.colcon_core.package_identification:_identify(.) by extensions ['ignore', 'ignore_ament_install']
[0.284s] Level 1:colcon.colcon_core.package_identification:_identify(.) by extension 'ignore'
[0.284s] Level 1:colcon.colcon_core.package_identification:_identify(.) by extension 'ignore_ament_install'
[0.284s] Level 1:colcon.colcon_core.package_identification:_identify(.) by extensions ['colcon_pkg']
[0.284s] Level 1:colcon.colcon_core.package_identification:_identify(.) by extension 'colcon_pkg'
[0.284s] Level 1:colcon.colcon_core.package_identification:_identify(.) by extensions ['colcon_meta']
[0.284s] Level 1:colcon.colcon_core.package_identification:_identify(.) by extension 'colcon_meta'
[0.284s] Level 1:colcon.colcon_core.package_identification:_identify(.) by extensions ['ros']
[0.284s] Level 1:colcon.colcon_core.package_identification:_identify(.) by extension 'ros'
[0.294s] Level 1:colcon.colcon_core.package_identification:_identify(.) by extensions ['cmake', 'python']
[0.294s] Level 1:colcon.colcon_core.package_identification:_identify(.) by extension 'cmake'
[0.294s] Level 1:colcon.colcon_core.package_identification:_identify(.) by extension 'python'
[0.294s] Level 1:colcon.colcon_core.package_identification:_identify(.) by extensions ['python_setup_py']
[0.294s] Level 1:colcon.colcon_core.package_identification:_identify(.) by extension 'python_setup_py'
[0.295s] Level 1:colcon.colcon_core.package_identification:_identify(build) by extensions ['ignore', 'ignore_ament_install']
[0.295s] Level 1:colcon.colcon_core.package_identification:_identify(build) by extension 'ignore'
[0.295s] Level 1:colcon.colcon_core.package_identification:_identify(build) ignored
[0.295s] Level 1:colcon.colcon_core.package_identification:_identify(install) by extensions ['ignore', 'ignore_ament_install']
[0.295s] Level 1:colcon.colcon_core.package_identification:_identify(install) by extension 'ignore'
[0.295s] Level 1:colcon.colcon_core.package_identification:_identify(install) ignored
[0.295s] Level 1:colcon.colcon_core.package_identification:_identify(log) by extensions ['ignore', 'ignore_ament_install']
[0.295s] Level 1:colcon.colcon_core.package_identification:_identify(log) by extension 'ignore'
[0.295s] Level 1:colcon.colcon_core.package_identification:_identify(log) ignored
[0.295s] Level 1:colcon.colcon_core.package_identification:_identify(my_custom_msgs) by extensions ['ignore', 'ignore_ament_install']
[0.295s] Level 1:colcon.colcon_core.package_identification:_identify(my_custom_msgs) by extension 'ignore'
[0.295s] Level 1:colcon.colcon_core.package_identification:_identify(my_custom_msgs) by extension 'ignore_ament_install'
[0.295s] Level 1:colcon.colcon_core.package_identification:_identify(my_custom_msgs) by extensions ['colcon_pkg']
[0.295s] Level 1:colcon.colcon_core.package_identification:_identify(my_custom_msgs) by extension 'colcon_pkg'
[0.295s] Level 1:colcon.colcon_core.package_identification:_identify(my_custom_msgs) by extensions ['colcon_meta']
[0.295s] Level 1:colcon.colcon_core.package_identification:_identify(my_custom_msgs) by extension 'colcon_meta'
[0.295s] Level 1:colcon.colcon_core.package_identification:_identify(my_custom_msgs) by extensions ['ros']
[0.295s] Level 1:colcon.colcon_core.package_identification:_identify(my_custom_msgs) by extension 'ros'
[0.310s] DEBUG:colcon.colcon_core.package_identification:Package 'my_custom_msgs' with type 'ros.ament_cmake' and name 'my_custom_msgs'
[0.310s] Level 1:colcon.colcon_core.package_identification:_identify(my_robot_description) by extensions ['ignore', 'ignore_ament_install']
[0.311s] Level 1:colcon.colcon_core.package_identification:_identify(my_robot_description) by extension 'ignore'
[0.311s] Level 1:colcon.colcon_core.package_identification:_identify(my_robot_description) by extension 'ignore_ament_install'
[0.311s] Level 1:colcon.colcon_core.package_identification:_identify(my_robot_description) by extensions ['colcon_pkg']
[0.311s] Level 1:colcon.colcon_core.package_identification:_identify(my_robot_description) by extension 'colcon_pkg'
[0.311s] Level 1:colcon.colcon_core.package_identification:_identify(my_robot_description) by extensions ['colcon_meta']
[0.311s] Level 1:colcon.colcon_core.package_identification:_identify(my_robot_description) by extension 'colcon_meta'
[0.311s] Level 1:colcon.colcon_core.package_identification:_identify(my_robot_description) by extensions ['ros']
[0.311s] Level 1:colcon.colcon_core.package_identification:_identify(my_robot_description) by extension 'ros'
[0.311s] DEBUG:colcon.colcon_core.package_identification:Package 'my_robot_description' with type 'ros.catkin' and name 'my_robot_description'
[0.311s] Level 1:colcon.colcon_core.package_discovery:discover_packages(recursive) using defaults
[0.311s] Level 1:colcon.colcon_core.package_discovery:discover_packages(ignore) discover
[0.311s] Level 1:colcon.colcon_core.package_discovery:discover_packages(ignore) using defaults
[0.311s] Level 1:colcon.colcon_core.package_discovery:discover_packages(path) discover
[0.311s] Level 1:colcon.colcon_core.package_discovery:discover_packages(path) using defaults
[0.328s] Level 1:colcon.colcon_core.package_discovery:discover_packages(prefix_path) check parameters
[0.328s] Level 1:colcon.colcon_core.package_discovery:discover_packages(prefix_path) discover
[0.329s] DEBUG:colcon.colcon_installed_package_information.package_discovery:Found 2 installed packages in /home/dvij/multi-car-racing/ros2_ws/install
[0.330s] DEBUG:colcon.colcon_installed_package_information.package_discovery:Found 274 installed packages in /opt/ros/humble
[0.332s] Level 1:colcon.colcon_core.package_discovery:discover_packages(prefix_path) using defaults
[0.364s] Level 5:colcon.colcon_core.verb:set package 'my_custom_msgs' build argument 'cmake_args' from command line to 'None'
[0.365s] Level 5:colcon.colcon_core.verb:set package 'my_custom_msgs' build argument 'cmake_target' from command line to 'None'
[0.365s] Level 5:colcon.colcon_core.verb:set package 'my_custom_msgs' build argument 'cmake_target_skip_unavailable' from command line to 'False'
[0.365s] Level 5:colcon.colcon_core.verb:set package 'my_custom_msgs' build argument 'cmake_clean_cache' from command line to 'False'
[0.365s] Level 5:colcon.colcon_core.verb:set package 'my_custom_msgs' build argument 'cmake_clean_first' from command line to 'False'
[0.365s] Level 5:colcon.colcon_core.verb:set package 'my_custom_msgs' build argument 'cmake_force_configure' from command line to 'False'
[0.365s] Level 5:colcon.colcon_core.verb:set package 'my_custom_msgs' build argument 'ament_cmake_args' from command line to 'None'
[0.365s] Level 5:colcon.colcon_core.verb:set package 'my_custom_msgs' build argument 'catkin_cmake_args' from command line to 'None'
[0.365s] Level 5:colcon.colcon_core.verb:set package 'my_custom_msgs' build argument 'catkin_skip_building_tests' from command line to 'False'
[0.365s] DEBUG:colcon.colcon_core.verb:Building package 'my_custom_msgs' with the following arguments: {'ament_cmake_args': None, 'build_base': '/home/dvij/multi-car-racing/ros2_ws/build/my_custom_msgs', 'catkin_cmake_args': None, 'catkin_skip_building_tests': False, 'cmake_args': None, 'cmake_clean_cache': False, 'cmake_clean_first': False, 'cmake_force_configure': False, 'cmake_target': None, 'cmake_target_skip_unavailable': False, 'install_base': '/home/dvij/multi-car-racing/ros2_ws/install/my_custom_msgs', 'merge_install': False, 'path': '/home/dvij/multi-car-racing/ros2_ws/my_custom_msgs', 'symlink_install': False, 'test_result_base': None}
[0.365s] Level 5:colcon.colcon_core.verb:set package 'my_robot_description' build argument 'cmake_args' from command line to 'None'
[0.365s] Level 5:colcon.colcon_core.verb:set package 'my_robot_description' build argument 'cmake_target' from command line to 'None'
[0.365s] Level 5:colcon.colcon_core.verb:set package 'my_robot_description' build argument 'cmake_target_skip_unavailable' from command line to 'False'
[0.365s] Level 5:colcon.colcon_core.verb:set package 'my_robot_description' build argument 'cmake_clean_cache' from command line to 'False'
[0.365s] Level 5:colcon.colcon_core.verb:set package 'my_robot_description' build argument 'cmake_clean_first' from command line to 'False'
[0.365s] Level 5:colcon.colcon_core.verb:set package 'my_robot_description' build argument 'cmake_force_configure' from command line to 'False'
[0.365s] Level 5:colcon.colcon_core.verb:set package 'my_robot_description' build argument 'ament_cmake_args' from command line to 'None'
[0.365s] Level 5:colcon.colcon_core.verb:set package 'my_robot_description' build argument 'catkin_cmake_args' from command line to 'None'
[0.365s] Level 5:colcon.colcon_core.verb:set package 'my_robot_description' build argument 'catkin_skip_building_tests' from command line to 'False'
[0.365s] DEBUG:colcon.colcon_core.verb:Building package 'my_robot_description' with the following arguments: {'ament_cmake_args': None, 'build_base': '/home/dvij/multi-car-racing/ros2_ws/build/my_robot_description', 'catkin_cmake_args': None, 'catkin_skip_building_tests': False, 'cmake_args': None, 'cmake_clean_cache': False, 'cmake_clean_first': False, 'cmake_force_configure': False, 'cmake_target': None, 'cmake_target_skip_unavailable': False, 'install_base': '/home/dvij/multi-car-racing/ros2_ws/install/my_robot_description', 'merge_install': False, 'path': '/home/dvij/multi-car-racing/ros2_ws/my_robot_description', 'symlink_install': False, 'test_result_base': None}
[0.365s] INFO:colcon.colcon_core.executor:Executing jobs using 'parallel' executor
[0.367s] DEBUG:colcon.colcon_parallel_executor.executor.parallel:run_until_complete
[0.367s] INFO:colcon.colcon_ros.task.ament_cmake.build:Building ROS package in '/home/dvij/multi-car-racing/ros2_ws/my_custom_msgs' with build type 'ament_cmake'
[0.367s] INFO:colcon.colcon_cmake.task.cmake.build:Building CMake package in '/home/dvij/multi-car-racing/ros2_ws/my_custom_msgs'
[0.369s] INFO:colcon.colcon_core.plugin_system:Skipping extension 'colcon_core.shell.bat': Not used on non-Windows systems
[0.369s] INFO:colcon.colcon_core.shell:Skip shell extension 'powershell' for command environment: Not usable outside of PowerShell
[0.369s] DEBUG:colcon.colcon_core.shell:Skip shell extension 'dsv' for command environment
[0.372s] INFO:colcon.colcon_ros.task.catkin.build:Building ROS package in '/home/dvij/multi-car-racing/ros2_ws/my_robot_description' with build type 'catkin'
[0.372s] INFO:colcon.colcon_cmake.task.cmake.build:Building CMake package in '/home/dvij/multi-car-racing/ros2_ws/my_robot_description'
[0.373s] INFO:colcon.colcon_core.shell:Skip shell extension 'powershell' for command environment: Not usable outside of PowerShell
[0.373s] DEBUG:colcon.colcon_core.shell:Skip shell extension 'dsv' for command environment
[0.381s] DEBUG:colcon.colcon_core.event_handler.log_command:Invoking command in '/home/dvij/multi-car-racing/ros2_ws/build/my_custom_msgs': CMAKE_PREFIX_PATH=/opt/ros/humble:${CMAKE_PREFIX_PATH} /usr/bin/cmake --build /home/dvij/multi-car-racing/ros2_ws/build/my_custom_msgs -- -j48 -l48
[0.385s] DEBUG:colcon.colcon_core.event_handler.log_command:Invoking command in '/home/dvij/multi-car-racing/ros2_ws/build/my_robot_description': /usr/bin/cmake --build /home/dvij/multi-car-racing/ros2_ws/build/my_robot_description -- -j48 -l48
[0.422s] DEBUG:colcon.colcon_core.event_handler.log_command:Invoked command in '/home/dvij/multi-car-racing/ros2_ws/build/my_robot_description' returned '0': /usr/bin/cmake --build /home/dvij/multi-car-racing/ros2_ws/build/my_robot_description -- -j48 -l48
[0.483s] DEBUG:colcon.colcon_core.event_handler.log_command:Invoking command in '/home/dvij/multi-car-racing/ros2_ws/build/my_robot_description': /usr/bin/cmake --install /home/dvij/multi-car-racing/ros2_ws/build/my_robot_description
[0.497s] DEBUG:colcon.colcon_core.event_handler.log_command:Invoked command in '/home/dvij/multi-car-racing/ros2_ws/build/my_robot_description' returned '0': /usr/bin/cmake --install /home/dvij/multi-car-racing/ros2_ws/build/my_robot_description
[0.521s] Level 1:colcon.colcon_core.shell:create_environment_hook('my_robot_description', 'ros_package_path')
[0.521s] INFO:colcon.colcon_core.shell:Creating environment hook '/home/dvij/multi-car-racing/ros2_ws/install/my_robot_description/share/my_robot_description/hook/ros_package_path.ps1'
[0.522s] INFO:colcon.colcon_core.shell:Creating environment descriptor '/home/dvij/multi-car-racing/ros2_ws/install/my_robot_description/share/my_robot_description/hook/ros_package_path.dsv'
[0.522s] INFO:colcon.colcon_core.shell:Creating environment hook '/home/dvij/multi-car-racing/ros2_ws/install/my_robot_description/share/my_robot_description/hook/ros_package_path.sh'
[0.523s] Level 1:colcon.colcon_core.shell:create_environment_hook('my_robot_description', 'pkg_config_path')
[0.523s] INFO:colcon.colcon_core.shell:Creating environment hook '/home/dvij/multi-car-racing/ros2_ws/install/my_robot_description/share/my_robot_description/hook/pkg_config_path.ps1'
[0.524s] INFO:colcon.colcon_core.shell:Creating environment descriptor '/home/dvij/multi-car-racing/ros2_ws/install/my_robot_description/share/my_robot_description/hook/pkg_config_path.dsv'
[0.524s] INFO:colcon.colcon_core.shell:Creating environment hook '/home/dvij/multi-car-racing/ros2_ws/install/my_robot_description/share/my_robot_description/hook/pkg_config_path.sh'
[0.527s] Level 1:colcon.colcon_core.shell:create_environment_hook('my_robot_description', 'pkg_config_path_multiarch')
[0.527s] INFO:colcon.colcon_core.shell:Creating environment hook '/home/dvij/multi-car-racing/ros2_ws/install/my_robot_description/share/my_robot_description/hook/pkg_config_path_multiarch.ps1'
[0.528s] INFO:colcon.colcon_core.shell:Creating environment descriptor '/home/dvij/multi-car-racing/ros2_ws/install/my_robot_description/share/my_robot_description/hook/pkg_config_path_multiarch.dsv'
[0.529s] INFO:colcon.colcon_core.shell:Creating environment hook '/home/dvij/multi-car-racing/ros2_ws/install/my_robot_description/share/my_robot_description/hook/pkg_config_path_multiarch.sh'
[0.530s] Level 1:colcon.colcon_core.environment:create_environment_scripts_only(my_robot_description)
[0.534s] Level 1:colcon.colcon_core.environment:checking '/home/dvij/multi-car-racing/ros2_ws/install/my_robot_description' for CMake module files
[0.534s] Level 1:colcon.colcon_core.environment:checking '/home/dvij/multi-car-racing/ros2_ws/install/my_robot_description' for CMake config files
[0.534s] Level 1:colcon.colcon_core.shell:create_environment_hook('my_robot_description', 'cmake_prefix_path')
[0.535s] INFO:colcon.colcon_core.shell:Creating environment hook '/home/dvij/multi-car-racing/ros2_ws/install/my_robot_description/share/my_robot_description/hook/cmake_prefix_path.ps1'
[0.535s] INFO:colcon.colcon_core.shell:Creating environment descriptor '/home/dvij/multi-car-racing/ros2_ws/install/my_robot_description/share/my_robot_description/hook/cmake_prefix_path.dsv'
[0.536s] INFO:colcon.colcon_core.shell:Creating environment hook '/home/dvij/multi-car-racing/ros2_ws/install/my_robot_description/share/my_robot_description/hook/cmake_prefix_path.sh'
[0.537s] Level 1:colcon.colcon_core.environment:checking '/home/dvij/multi-car-racing/ros2_ws/install/my_robot_description/bin'
[0.537s] Level 1:colcon.colcon_core.environment:checking '/home/dvij/multi-car-racing/ros2_ws/install/my_robot_description/lib/pkgconfig/my_robot_description.pc'
[0.537s] Level 1:colcon.colcon_core.environment:checking '/home/dvij/multi-car-racing/ros2_ws/install/my_robot_description/lib/python3.10/site-packages'
[0.538s] Level 1:colcon.colcon_core.environment:checking '/home/dvij/multi-car-racing/ros2_ws/install/my_robot_description/bin'
[0.538s] INFO:colcon.colcon_core.shell:Creating package script '/home/dvij/multi-car-racing/ros2_ws/install/my_robot_description/share/my_robot_description/package.ps1'
[0.540s] INFO:colcon.colcon_core.shell:Creating package descriptor '/home/dvij/multi-car-racing/ros2_ws/install/my_robot_description/share/my_robot_description/package.dsv'
[0.541s] INFO:colcon.colcon_core.shell:Creating package script '/home/dvij/multi-car-racing/ros2_ws/install/my_robot_description/share/my_robot_description/package.sh'
[0.542s] INFO:colcon.colcon_core.shell:Creating package script '/home/dvij/multi-car-racing/ros2_ws/install/my_robot_description/share/my_robot_description/package.bash'
[0.544s] INFO:colcon.colcon_core.shell:Creating package script '/home/dvij/multi-car-racing/ros2_ws/install/my_robot_description/share/my_robot_description/package.zsh'
[0.544s] Level 1:colcon.colcon_core.environment:create_file_with_runtime_dependencies(/home/dvij/multi-car-racing/ros2_ws/install/my_robot_description/share/colcon-core/packages/my_robot_description)
[0.785s] DEBUG:colcon.colcon_core.event_handler.log_command:Invoked command in '/home/dvij/multi-car-racing/ros2_ws/build/my_custom_msgs' returned '0': CMAKE_PREFIX_PATH=/opt/ros/humble:${CMAKE_PREFIX_PATH} /usr/bin/cmake --build /home/dvij/multi-car-racing/ros2_ws/build/my_custom_msgs -- -j48 -l48
[0.851s] DEBUG:colcon.colcon_core.event_handler.log_command:Invoking command in '/home/dvij/multi-car-racing/ros2_ws/build/my_custom_msgs': CMAKE_PREFIX_PATH=/opt/ros/humble:${CMAKE_PREFIX_PATH} /usr/bin/cmake --install /home/dvij/multi-car-racing/ros2_ws/build/my_custom_msgs
[0.925s] Level 1:colcon.colcon_core.environment:create_environment_scripts_only(my_custom_msgs)
[0.925s] Level 1:colcon.colcon_core.environment:checking '/home/dvij/multi-car-racing/ros2_ws/install/my_custom_msgs' for CMake module files
[0.926s] DEBUG:colcon.colcon_core.event_handler.log_command:Invoked command in '/home/dvij/multi-car-racing/ros2_ws/build/my_custom_msgs' returned '0': CMAKE_PREFIX_PATH=/opt/ros/humble:${CMAKE_PREFIX_PATH} /usr/bin/cmake --install /home/dvij/multi-car-racing/ros2_ws/build/my_custom_msgs
[0.927s] Level 1:colcon.colcon_core.environment:checking '/home/dvij/multi-car-racing/ros2_ws/install/my_custom_msgs' for CMake config files
[0.928s] Level 1:colcon.colcon_core.shell:create_environment_hook('my_custom_msgs', 'cmake_prefix_path')
[0.928s] INFO:colcon.colcon_core.shell:Creating environment hook '/home/dvij/multi-car-racing/ros2_ws/install/my_custom_msgs/share/my_custom_msgs/hook/cmake_prefix_path.ps1'
[0.929s] INFO:colcon.colcon_core.shell:Creating environment descriptor '/home/dvij/multi-car-racing/ros2_ws/install/my_custom_msgs/share/my_custom_msgs/hook/cmake_prefix_path.dsv'
[0.929s] INFO:colcon.colcon_core.shell:Creating environment hook '/home/dvij/multi-car-racing/ros2_ws/install/my_custom_msgs/share/my_custom_msgs/hook/cmake_prefix_path.sh'
[0.930s] Level 1:colcon.colcon_core.environment:checking '/home/dvij/multi-car-racing/ros2_ws/install/my_custom_msgs/lib'
[0.930s] Level 1:colcon.colcon_core.shell:create_environment_hook('my_custom_msgs', 'ld_library_path_lib')
[0.931s] INFO:colcon.colcon_core.shell:Creating environment hook '/home/dvij/multi-car-racing/ros2_ws/install/my_custom_msgs/share/my_custom_msgs/hook/ld_library_path_lib.ps1'
[0.931s] INFO:colcon.colcon_core.shell:Creating environment descriptor '/home/dvij/multi-car-racing/ros2_ws/install/my_custom_msgs/share/my_custom_msgs/hook/ld_library_path_lib.dsv'
[0.932s] INFO:colcon.colcon_core.shell:Creating environment hook '/home/dvij/multi-car-racing/ros2_ws/install/my_custom_msgs/share/my_custom_msgs/hook/ld_library_path_lib.sh'
[0.932s] Level 1:colcon.colcon_core.environment:checking '/home/dvij/multi-car-racing/ros2_ws/install/my_custom_msgs/bin'
[0.932s] Level 1:colcon.colcon_core.environment:checking '/home/dvij/multi-car-racing/ros2_ws/install/my_custom_msgs/lib/pkgconfig/my_custom_msgs.pc'
[0.932s] Level 1:colcon.colcon_core.environment:checking '/home/dvij/multi-car-racing/ros2_ws/install/my_custom_msgs/lib/python3.10/site-packages'
[0.933s] Level 1:colcon.colcon_core.environment:checking '/home/dvij/multi-car-racing/ros2_ws/install/my_custom_msgs/bin'
[0.933s] INFO:colcon.colcon_core.shell:Creating package script '/home/dvij/multi-car-racing/ros2_ws/install/my_custom_msgs/share/my_custom_msgs/package.ps1'
[0.934s] INFO:colcon.colcon_core.shell:Creating package descriptor '/home/dvij/multi-car-racing/ros2_ws/install/my_custom_msgs/share/my_custom_msgs/package.dsv'
[0.935s] INFO:colcon.colcon_core.shell:Creating package script '/home/dvij/multi-car-racing/ros2_ws/install/my_custom_msgs/share/my_custom_msgs/package.sh'
[0.935s] INFO:colcon.colcon_core.shell:Creating package script '/home/dvij/multi-car-racing/ros2_ws/install/my_custom_msgs/share/my_custom_msgs/package.bash'
[0.936s] INFO:colcon.colcon_core.shell:Creating package script '/home/dvij/multi-car-racing/ros2_ws/install/my_custom_msgs/share/my_custom_msgs/package.zsh'
[0.936s] Level 1:colcon.colcon_core.environment:create_file_with_runtime_dependencies(/home/dvij/multi-car-racing/ros2_ws/install/my_custom_msgs/share/colcon-core/packages/my_custom_msgs)
[0.998s] Level 1:colcon.colcon_core.environment:create_environment_scripts_only(my_custom_msgs)
[0.998s] Level 1:colcon.colcon_core.environment:checking '/home/dvij/multi-car-racing/ros2_ws/install/my_custom_msgs' for CMake module files
[0.999s] Level 1:colcon.colcon_core.environment:checking '/home/dvij/multi-car-racing/ros2_ws/install/my_custom_msgs' for CMake config files
[1.000s] Level 1:colcon.colcon_core.shell:create_environment_hook('my_custom_msgs', 'cmake_prefix_path')
[1.000s] INFO:colcon.colcon_core.shell:Creating environment hook '/home/dvij/multi-car-racing/ros2_ws/install/my_custom_msgs/share/my_custom_msgs/hook/cmake_prefix_path.ps1'
[1.001s] INFO:colcon.colcon_core.shell:Creating environment descriptor '/home/dvij/multi-car-racing/ros2_ws/install/my_custom_msgs/share/my_custom_msgs/hook/cmake_prefix_path.dsv'
[1.002s] INFO:colcon.colcon_core.shell:Creating environment hook '/home/dvij/multi-car-racing/ros2_ws/install/my_custom_msgs/share/my_custom_msgs/hook/cmake_prefix_path.sh'
[1.002s] Level 1:colcon.colcon_core.environment:checking '/home/dvij/multi-car-racing/ros2_ws/install/my_custom_msgs/lib'
[1.002s] Level 1:colcon.colcon_core.shell:create_environment_hook('my_custom_msgs', 'ld_library_path_lib')
[1.003s] INFO:colcon.colcon_core.shell:Creating environment hook '/home/dvij/multi-car-racing/ros2_ws/install/my_custom_msgs/share/my_custom_msgs/hook/ld_library_path_lib.ps1'
[1.003s] INFO:colcon.colcon_core.shell:Creating environment descriptor '/home/dvij/multi-car-racing/ros2_ws/install/my_custom_msgs/share/my_custom_msgs/hook/ld_library_path_lib.dsv'
[1.004s] INFO:colcon.colcon_core.shell:Creating environment hook '/home/dvij/multi-car-racing/ros2_ws/install/my_custom_msgs/share/my_custom_msgs/hook/ld_library_path_lib.sh'
[1.004s] Level 1:colcon.colcon_core.environment:checking '/home/dvij/multi-car-racing/ros2_ws/install/my_custom_msgs/bin'
[1.004s] Level 1:colcon.colcon_core.environment:checking '/home/dvij/multi-car-racing/ros2_ws/install/my_custom_msgs/lib/pkgconfig/my_custom_msgs.pc'
[1.005s] Level 1:colcon.colcon_core.environment:checking '/home/dvij/multi-car-racing/ros2_ws/install/my_custom_msgs/lib/python3.10/site-packages'
[1.005s] Level 1:colcon.colcon_core.environment:checking '/home/dvij/multi-car-racing/ros2_ws/install/my_custom_msgs/bin'
[1.006s] INFO:colcon.colcon_core.shell:Creating package script '/home/dvij/multi-car-racing/ros2_ws/install/my_custom_msgs/share/my_custom_msgs/package.ps1'
[1.006s] INFO:colcon.colcon_core.shell:Creating package descriptor '/home/dvij/multi-car-racing/ros2_ws/install/my_custom_msgs/share/my_custom_msgs/package.dsv'
[1.007s] INFO:colcon.colcon_core.shell:Creating package script '/home/dvij/multi-car-racing/ros2_ws/install/my_custom_msgs/share/my_custom_msgs/package.sh'
[1.008s] INFO:colcon.colcon_core.shell:Creating package script '/home/dvij/multi-car-racing/ros2_ws/install/my_custom_msgs/share/my_custom_msgs/package.bash'
[1.008s] INFO:colcon.colcon_core.shell:Creating package script '/home/dvij/multi-car-racing/ros2_ws/install/my_custom_msgs/share/my_custom_msgs/package.zsh'
[1.009s] Level 1:colcon.colcon_core.environment:create_file_with_runtime_dependencies(/home/dvij/multi-car-racing/ros2_ws/install/my_custom_msgs/share/colcon-core/packages/my_custom_msgs)
[1.009s] DEBUG:colcon.colcon_parallel_executor.executor.parallel:closing loop
[1.009s] DEBUG:colcon.colcon_parallel_executor.executor.parallel:loop closed
[1.010s] DEBUG:colcon.colcon_parallel_executor.executor.parallel:run_until_complete finished with '0'
[1.010s] DEBUG:colcon.colcon_core.event_reactor:joining thread
[1.017s] INFO:colcon.colcon_core.plugin_system:Skipping extension 'colcon_notification.desktop_notification.terminal_notifier': Not used on non-Darwin systems
[1.017s] INFO:colcon.colcon_core.plugin_system:Skipping extension 'colcon_notification.desktop_notification.win32': Not used on non-Windows systems
[1.017s] INFO:colcon.colcon_notification.desktop_notification:Sending desktop notification using 'notify2'
[1.018s] DEBUG:colcon.colcon_notification.desktop_notification.notify2:Failed to initialize notify2: org.freedesktop.DBus.Error.ServiceUnknown: The name org.freedesktop.Notifications was not provided by any .service files
[1.019s] DEBUG:colcon.colcon_core.event_reactor:joined thread
[1.019s] INFO:colcon.colcon_core.shell:Creating prefix script '/home/dvij/multi-car-racing/ros2_ws/install/local_setup.ps1'
[1.021s] INFO:colcon.colcon_core.shell:Creating prefix util module '/home/dvij/multi-car-racing/ros2_ws/install/_local_setup_util_ps1.py'
[1.023s] INFO:colcon.colcon_core.shell:Creating prefix chain script '/home/dvij/multi-car-racing/ros2_ws/install/setup.ps1'
[1.024s] INFO:colcon.colcon_core.shell:Creating prefix script '/home/dvij/multi-car-racing/ros2_ws/install/local_setup.sh'
[1.025s] INFO:colcon.colcon_core.shell:Creating prefix util module '/home/dvij/multi-car-racing/ros2_ws/install/_local_setup_util_sh.py'
[1.026s] INFO:colcon.colcon_core.shell:Creating prefix chain script '/home/dvij/multi-car-racing/ros2_ws/install/setup.sh'
[1.027s] INFO:colcon.colcon_core.shell:Creating prefix script '/home/dvij/multi-car-racing/ros2_ws/install/local_setup.bash'
[1.028s] INFO:colcon.colcon_core.shell:Creating prefix chain script '/home/dvij/multi-car-racing/ros2_ws/install/setup.bash'
[1.029s] INFO:colcon.colcon_core.shell:Creating prefix script '/home/dvij/multi-car-racing/ros2_ws/install/local_setup.zsh'
[1.030s] INFO:colcon.colcon_core.shell:Creating prefix chain script '/home/dvij/multi-car-racing/ros2_ws/install/setup.zsh'
